{"/home/ldauga/Desktop/red_tetris/packages/client/src/GameSelector.tsx": {"path":"/home/ldauga/Desktop/red_tetris/packages/client/src/GameSelector.tsx","statementMap":{"0":{"start":{"line":8,"column":21},"end":{"line":70,"column":null}},"1":{"start":{"line":9,"column":21},"end":{"line":9,"column":null}},"2":{"start":{"line":11,"column":19},"end":{"line":18,"column":null}},"3":{"start":{"line":17,"column":24},"end":{"line":17,"column":null}},"4":{"start":{"line":21,"column":17},"end":{"line":23,"column":null}},"5":{"start":{"line":22,"column":8},"end":{"line":22,"column":null}},"6":{"start":{"line":27,"column":4},"end":{"line":65,"column":null}}},"fnMap":{"0":{"name":"(anonymous_0)","decl":{"start":{"line":8,"column":21},"end":{"line":8,"column":27}},"loc":{"start":{"line":8,"column":27},"end":{"line":70,"column":null}}},"1":{"name":"(anonymous_1)","decl":{"start":{"line":17,"column":18},"end":{"line":17,"column":24}},"loc":{"start":{"line":17,"column":24},"end":{"line":17,"column":null}}},"2":{"name":"(anonymous_2)","decl":{"start":{"line":21,"column":17},"end":{"line":21,"column":23}},"loc":{"start":{"line":21,"column":23},"end":{"line":23,"column":null}}}},"branchMap":{"0":{"loc":{"start":{"line":44,"column":21},"end":{"line":44,"column":null}},"type":"binary-expr","locations":[{"start":{"line":44,"column":21},"end":{"line":44,"column":45}},{"start":{"line":44,"column":45},"end":{"line":44,"column":68}},{"start":{"line":44,"column":68},"end":{"line":44,"column":null}}]},"1":{"loc":{"start":{"line":57,"column":21},"end":{"line":57,"column":null}},"type":"binary-expr","locations":[{"start":{"line":57,"column":21},"end":{"line":57,"column":49}},{"start":{"line":57,"column":49},"end":{"line":57,"column":76}},{"start":{"line":57,"column":76},"end":{"line":57,"column":null}}]}},"s":{"0":2,"1":17,"2":16,"3":0,"4":16,"5":1,"6":16},"f":{"0":17,"1":0,"2":1},"b":{"0":[16,8,8],"1":[16,8,7]}}
,"/home/ldauga/Desktop/red_tetris/packages/client/src/GameSelectorSchemas.tsx": {"path":"/home/ldauga/Desktop/red_tetris/packages/client/src/GameSelectorSchemas.tsx","statementMap":{"0":{"start":{"line":3,"column":28},"end":{"line":11,"column":null}},"1":{"start":{"line":4,"column":4},"end":{"line":11,"column":null}}},"fnMap":{"0":{"name":"(anonymous_0)","decl":{"start":{"line":3,"column":28},"end":{"line":3,"column":null}},"loc":{"start":{"line":4,"column":4},"end":{"line":11,"column":null}}}},"branchMap":{},"s":{"0":2,"1":16},"f":{"0":16},"b":{}}
,"/home/ldauga/Desktop/red_tetris/packages/client/src/Home.tsx": {"path":"/home/ldauga/Desktop/red_tetris/packages/client/src/Home.tsx","statementMap":{"0":{"start":{"line":13,"column":19},"end":{"line":13,"column":null}},"1":{"start":{"line":14,"column":17},"end":{"line":14,"column":null}},"2":{"start":{"line":15,"column":19},"end":{"line":15,"column":null}},"3":{"start":{"line":16,"column":42},"end":{"line":16,"column":null}},"4":{"start":{"line":17,"column":26},"end":{"line":17,"column":null}},"5":{"start":{"line":18,"column":36},"end":{"line":18,"column":null}},"6":{"start":{"line":19,"column":42},"end":{"line":19,"column":null}},"7":{"start":{"line":20,"column":28},"end":{"line":20,"column":null}},"8":{"start":{"line":22,"column":56},"end":{"line":22,"column":null}},"9":{"start":{"line":24,"column":32},"end":{"line":24,"column":null}},"10":{"start":{"line":25,"column":36},"end":{"line":25,"column":null}},"11":{"start":{"line":26,"column":38},"end":{"line":26,"column":null}},"12":{"start":{"line":27,"column":36},"end":{"line":27,"column":null}},"13":{"start":{"line":29,"column":2},"end":{"line":43,"column":null}},"14":{"start":{"line":30,"column":18},"end":{"line":30,"column":null}},"15":{"start":{"line":31,"column":20},"end":{"line":31,"column":null}},"16":{"start":{"line":33,"column":4},"end":{"line":42,"column":null}},"17":{"start":{"line":34,"column":6},"end":{"line":34,"column":null}},"18":{"start":{"line":36,"column":6},"end":{"line":38,"column":null}},"19":{"start":{"line":37,"column":8},"end":{"line":37,"column":null}},"20":{"start":{"line":39,"column":6},"end":{"line":39,"column":null}},"21":{"start":{"line":41,"column":6},"end":{"line":41,"column":null}},"22":{"start":{"line":46,"column":24},"end":{"line":65,"column":null}},"23":{"start":{"line":47,"column":16},"end":{"line":47,"column":null}},"24":{"start":{"line":48,"column":4},"end":{"line":64,"column":null}},"25":{"start":{"line":50,"column":8},"end":{"line":50,"column":null}},"26":{"start":{"line":51,"column":8},"end":{"line":51,"column":null}},"27":{"start":{"line":53,"column":8},"end":{"line":53,"column":null}},"28":{"start":{"line":54,"column":8},"end":{"line":54,"column":null}},"29":{"start":{"line":56,"column":8},"end":{"line":56,"column":null}},"30":{"start":{"line":57,"column":8},"end":{"line":57,"column":null}},"31":{"start":{"line":59,"column":8},"end":{"line":59,"column":null}},"32":{"start":{"line":60,"column":8},"end":{"line":60,"column":null}},"33":{"start":{"line":62,"column":8},"end":{"line":62,"column":null}},"34":{"start":{"line":63,"column":8},"end":{"line":63,"column":null}},"35":{"start":{"line":67,"column":2},"end":{"line":69,"column":null}},"36":{"start":{"line":68,"column":4},"end":{"line":68,"column":null}},"37":{"start":{"line":71,"column":2},"end":{"line":73,"column":null}},"38":{"start":{"line":72,"column":4},"end":{"line":72,"column":null}},"39":{"start":{"line":76,"column":2},"end":{"line":76,"column":null}},"40":{"start":{"line":76,"column":20},"end":{"line":76,"column":null}},"41":{"start":{"line":78,"column":2},"end":{"line":91,"column":null}},"42":{"start":{"line":79,"column":4},"end":{"line":89,"column":null}},"43":{"start":{"line":95,"column":2},"end":{"line":95,"column":null}},"44":{"start":{"line":95,"column":81},"end":{"line":95,"column":98}},"45":{"start":{"line":97,"column":2},"end":{"line":97,"column":null}},"46":{"start":{"line":97,"column":147},"end":{"line":97,"column":162}},"47":{"start":{"line":97,"column":162},"end":{"line":97,"column":188}},"48":{"start":{"line":97,"column":188},"end":{"line":97,"column":221}},"49":{"start":{"line":97,"column":221},"end":{"line":97,"column":268}},"50":{"start":{"line":97,"column":268},"end":{"line":97,"column":284}},"51":{"start":{"line":99,"column":2},"end":{"line":99,"column":null}},"52":{"start":{"line":99,"column":87},"end":{"line":99,"column":99}},"53":{"start":{"line":99,"column":99},"end":{"line":99,"column":113}},"54":{"start":{"line":103,"column":2},"end":{"line":103,"column":null}},"55":{"start":{"line":103,"column":77},"end":{"line":103,"column":97}},"56":{"start":{"line":103,"column":97},"end":{"line":103,"column":119}},"57":{"start":{"line":103,"column":119},"end":{"line":103,"column":139}},"58":{"start":{"line":104,"column":2},"end":{"line":104,"column":null}},"59":{"start":{"line":104,"column":79},"end":{"line":104,"column":100}},"60":{"start":{"line":104,"column":100},"end":{"line":104,"column":120}},"61":{"start":{"line":105,"column":2},"end":{"line":105,"column":null}},"62":{"start":{"line":105,"column":77},"end":{"line":105,"column":98}},"63":{"start":{"line":105,"column":98},"end":{"line":105,"column":117}},"64":{"start":{"line":111,"column":22},"end":{"line":113,"column":null}},"65":{"start":{"line":112,"column":4},"end":{"line":112,"column":null}},"66":{"start":{"line":115,"column":35},"end":{"line":117,"column":null}},"67":{"start":{"line":116,"column":4},"end":{"line":116,"column":null}},"68":{"start":{"line":123,"column":2},"end":{"line":236,"column":null}},"69":{"start":{"line":161,"column":14},"end":{"line":165,"column":null}},"70":{"start":{"line":163,"column":18},"end":{"line":163,"column":null}},"71":{"start":{"line":173,"column":18},"end":{"line":177,"column":null}},"72":{"start":{"line":175,"column":22},"end":{"line":175,"column":null}},"73":{"start":{"line":186,"column":14},"end":{"line":214,"column":null}},"74":{"start":{"line":190,"column":22},"end":{"line":194,"column":null}},"75":{"start":{"line":192,"column":26},"end":{"line":192,"column":null}},"76":{"start":{"line":201,"column":26},"end":{"line":205,"column":null}},"77":{"start":{"line":203,"column":30},"end":{"line":203,"column":null}}},"fnMap":{"0":{"name":"Home","decl":{"start":{"line":12,"column":9},"end":{"line":12,"column":16}},"loc":{"start":{"line":12,"column":16},"end":{"line":238,"column":null}}},"1":{"name":"(anonymous_1)","decl":{"start":{"line":29,"column":12},"end":{"line":29,"column":18}},"loc":{"start":{"line":29,"column":18},"end":{"line":43,"column":5}}},"2":{"name":"(anonymous_2)","decl":{"start":{"line":46,"column":24},"end":{"line":46,"column":25}},"loc":{"start":{"line":46,"column":60},"end":{"line":65,"column":null}}},"3":{"name":"(anonymous_3)","decl":{"start":{"line":67,"column":12},"end":{"line":67,"column":18}},"loc":{"start":{"line":67,"column":18},"end":{"line":69,"column":5}}},"4":{"name":"(anonymous_4)","decl":{"start":{"line":71,"column":12},"end":{"line":71,"column":18}},"loc":{"start":{"line":71,"column":18},"end":{"line":73,"column":5}}},"5":{"name":"(anonymous_5)","decl":{"start":{"line":95,"column":73},"end":{"line":95,"column":79}},"loc":{"start":{"line":95,"column":79},"end":{"line":95,"column":100}}},"6":{"name":"(anonymous_6)","decl":{"start":{"line":97,"column":68},"end":{"line":97,"column":69}},"loc":{"start":{"line":97,"column":145},"end":{"line":97,"column":286}}},"7":{"name":"(anonymous_7)","decl":{"start":{"line":99,"column":67},"end":{"line":99,"column":68}},"loc":{"start":{"line":99,"column":85},"end":{"line":99,"column":115}}},"8":{"name":"(anonymous_8)","decl":{"start":{"line":103,"column":69},"end":{"line":103,"column":75}},"loc":{"start":{"line":103,"column":75},"end":{"line":103,"column":141}}},"9":{"name":"(anonymous_9)","decl":{"start":{"line":104,"column":71},"end":{"line":104,"column":77}},"loc":{"start":{"line":104,"column":77},"end":{"line":104,"column":122}}},"10":{"name":"(anonymous_10)","decl":{"start":{"line":105,"column":69},"end":{"line":105,"column":75}},"loc":{"start":{"line":105,"column":75},"end":{"line":105,"column":119}}},"11":{"name":"(anonymous_11)","decl":{"start":{"line":111,"column":22},"end":{"line":111,"column":28}},"loc":{"start":{"line":111,"column":28},"end":{"line":113,"column":null}}},"12":{"name":"(anonymous_12)","decl":{"start":{"line":115,"column":35},"end":{"line":115,"column":41}},"loc":{"start":{"line":115,"column":41},"end":{"line":117,"column":null}}},"13":{"name":"(anonymous_13)","decl":{"start":{"line":160,"column":22},"end":{"line":160,"column":23}},"loc":{"start":{"line":161,"column":14},"end":{"line":165,"column":null}}},"14":{"name":"(anonymous_14)","decl":{"start":{"line":162,"column":25},"end":{"line":162,"column":26}},"loc":{"start":{"line":163,"column":18},"end":{"line":163,"column":null}}},"15":{"name":"(anonymous_15)","decl":{"start":{"line":172,"column":31},"end":{"line":172,"column":32}},"loc":{"start":{"line":173,"column":18},"end":{"line":177,"column":null}}},"16":{"name":"(anonymous_16)","decl":{"start":{"line":174,"column":29},"end":{"line":174,"column":30}},"loc":{"start":{"line":175,"column":22},"end":{"line":175,"column":null}}},"17":{"name":"(anonymous_17)","decl":{"start":{"line":185,"column":37},"end":{"line":185,"column":38}},"loc":{"start":{"line":186,"column":14},"end":{"line":214,"column":null}}},"18":{"name":"(anonymous_18)","decl":{"start":{"line":189,"column":30},"end":{"line":189,"column":31}},"loc":{"start":{"line":190,"column":22},"end":{"line":194,"column":null}}},"19":{"name":"(anonymous_19)","decl":{"start":{"line":191,"column":33},"end":{"line":191,"column":34}},"loc":{"start":{"line":192,"column":26},"end":{"line":192,"column":null}}},"20":{"name":"(anonymous_20)","decl":{"start":{"line":200,"column":40},"end":{"line":200,"column":41}},"loc":{"start":{"line":201,"column":26},"end":{"line":205,"column":null}}},"21":{"name":"(anonymous_21)","decl":{"start":{"line":202,"column":37},"end":{"line":202,"column":38}},"loc":{"start":{"line":203,"column":30},"end":{"line":203,"column":null}}}},"branchMap":{"0":{"loc":{"start":{"line":33,"column":4},"end":{"line":42,"column":null}},"type":"if","locations":[{"start":{"line":33,"column":4},"end":{"line":42,"column":null}},{"start":{"line":40,"column":11},"end":{"line":42,"column":null}}]},"1":{"loc":{"start":{"line":36,"column":6},"end":{"line":38,"column":null}},"type":"if","locations":[{"start":{"line":36,"column":6},"end":{"line":38,"column":null}},{"start":{"line":36,"column":6},"end":{"line":38,"column":null}}]},"2":{"loc":{"start":{"line":48,"column":4},"end":{"line":64,"column":null}},"type":"switch","locations":[{"start":{"line":49,"column":6},"end":{"line":51,"column":null}},{"start":{"line":52,"column":6},"end":{"line":54,"column":null}},{"start":{"line":55,"column":6},"end":{"line":57,"column":null}},{"start":{"line":58,"column":6},"end":{"line":60,"column":null}},{"start":{"line":61,"column":6},"end":{"line":63,"column":null}}]},"3":{"loc":{"start":{"line":76,"column":2},"end":{"line":76,"column":null}},"type":"if","locations":[{"start":{"line":76,"column":2},"end":{"line":76,"column":null}},{"start":{"line":76,"column":2},"end":{"line":76,"column":null}}]},"4":{"loc":{"start":{"line":78,"column":2},"end":{"line":91,"column":null}},"type":"if","locations":[{"start":{"line":78,"column":2},"end":{"line":91,"column":null}},{"start":{"line":78,"column":2},"end":{"line":91,"column":null}}]},"5":{"loc":{"start":{"line":127,"column":7},"end":{"line":131,"column":null}},"type":"binary-expr","locations":[{"start":{"line":127,"column":7},"end":{"line":127,"column":21}},{"start":{"line":127,"column":21},"end":{"line":127,"column":null}},{"start":{"line":128,"column":8},"end":{"line":131,"column":null}}]},"6":{"loc":{"start":{"line":133,"column":7},"end":{"line":137,"column":null}},"type":"binary-expr","locations":[{"start":{"line":133,"column":7},"end":{"line":133,"column":null}},{"start":{"line":134,"column":8},"end":{"line":137,"column":null}}]},"7":{"loc":{"start":{"line":140,"column":7},"end":{"line":143,"column":null}},"type":"binary-expr","locations":[{"start":{"line":140,"column":7},"end":{"line":140,"column":19}},{"start":{"line":140,"column":19},"end":{"line":140,"column":null}},{"start":{"line":141,"column":8},"end":{"line":143,"column":null}}]},"8":{"loc":{"start":{"line":142,"column":60},"end":{"line":142,"column":130}},"type":"cond-expr","locations":[{"start":{"line":142,"column":86},"end":{"line":142,"column":110}},{"start":{"line":142,"column":110},"end":{"line":142,"column":130}}]},"9":{"loc":{"start":{"line":142,"column":60},"end":{"line":142,"column":86}},"type":"binary-expr","locations":[{"start":{"line":142,"column":60},"end":{"line":142,"column":74}},{"start":{"line":142,"column":74},"end":{"line":142,"column":86}}]},"10":{"loc":{"start":{"line":147,"column":9},"end":{"line":148,"column":null}},"type":"binary-expr","locations":[{"start":{"line":147,"column":9},"end":{"line":147,"column":20}},{"start":{"line":147,"column":20},"end":{"line":147,"column":null}},{"start":{"line":148,"column":10},"end":{"line":148,"column":null}}]},"11":{"loc":{"start":{"line":148,"column":41},"end":{"line":148,"column":87}},"type":"cond-expr","locations":[{"start":{"line":148,"column":67},"end":{"line":148,"column":79}},{"start":{"line":148,"column":79},"end":{"line":148,"column":87}}]},"12":{"loc":{"start":{"line":148,"column":41},"end":{"line":148,"column":67}},"type":"binary-expr","locations":[{"start":{"line":148,"column":41},"end":{"line":148,"column":55}},{"start":{"line":148,"column":55},"end":{"line":148,"column":67}}]},"13":{"loc":{"start":{"line":151,"column":9},"end":{"line":152,"column":null}},"type":"binary-expr","locations":[{"start":{"line":151,"column":9},"end":{"line":151,"column":20}},{"start":{"line":151,"column":20},"end":{"line":151,"column":35}},{"start":{"line":151,"column":35},"end":{"line":151,"column":48}},{"start":{"line":151,"column":48},"end":{"line":151,"column":null}},{"start":{"line":152,"column":10},"end":{"line":152,"column":null}}]},"14":{"loc":{"start":{"line":156,"column":7},"end":{"line":217,"column":null}},"type":"binary-expr","locations":[{"start":{"line":156,"column":7},"end":{"line":156,"column":20}},{"start":{"line":156,"column":20},"end":{"line":156,"column":35}},{"start":{"line":156,"column":35},"end":{"line":156,"column":null}},{"start":{"line":157,"column":8},"end":{"line":157,"column":null}},{"start":{"line":158,"column":8},"end":{"line":217,"column":null}}]},"15":{"loc":{"start":{"line":175,"column":50},"end":{"line":175,"column":80}},"type":"cond-expr","locations":[{"start":{"line":175,"column":62},"end":{"line":175,"column":77}},{"start":{"line":175,"column":77},"end":{"line":175,"column":80}}]},"16":{"loc":{"start":{"line":203,"column":58},"end":{"line":203,"column":90}},"type":"cond-expr","locations":[{"start":{"line":203,"column":70},"end":{"line":203,"column":87}},{"start":{"line":203,"column":87},"end":{"line":203,"column":90}}]}},"s":{"0":24,"1":24,"2":24,"3":24,"4":24,"5":24,"6":24,"7":24,"8":24,"9":24,"10":24,"11":24,"12":24,"13":24,"14":18,"15":18,"16":18,"17":12,"18":12,"19":12,"20":12,"21":6,"22":24,"23":15,"24":15,"25":1,"26":1,"27":2,"28":2,"29":3,"30":3,"31":4,"32":4,"33":5,"34":5,"35":24,"36":6,"37":24,"38":6,"39":24,"40":6,"41":18,"42":0,"43":18,"44":0,"45":18,"46":0,"47":0,"48":0,"49":0,"50":0,"51":18,"52":0,"53":0,"54":18,"55":0,"56":0,"57":0,"58":18,"59":0,"60":0,"61":18,"62":0,"63":0,"64":18,"65":0,"66":18,"67":0,"68":18,"69":0,"70":0,"71":0,"72":0,"73":0,"74":0,"75":0,"76":0,"77":0},"f":{"0":24,"1":18,"2":15,"3":6,"4":6,"5":0,"6":0,"7":0,"8":0,"9":0,"10":0,"11":0,"12":0,"13":0,"14":0,"15":0,"16":0,"17":0,"18":0,"19":0,"20":0,"21":0},"b":{"0":[12,6],"1":[12,0],"2":[1,2,3,4,5],"3":[6,18],"4":[0,18],"5":[18,0,0],"6":[18,0],"7":[18,18,18],"8":[0,18],"9":[18,18],"10":[18,0,0],"11":[0,0],"12":[0,0],"13":[18,0,0,0,0],"14":[18,0,0,0,0],"15":[0,0],"16":[0,0]}}
,"/home/ldauga/Desktop/red_tetris/packages/client/src/Icons.tsx": {"path":"/home/ldauga/Desktop/red_tetris/packages/client/src/Icons.tsx","statementMap":{"0":{"start":{"line":1,"column":20},"end":{"line":3,"column":null}},"1":{"start":{"line":1,"column":26},"end":{"line":3,"column":null}},"2":{"start":{"line":5,"column":24},"end":{"line":19,"column":null}},"3":{"start":{"line":6,"column":4},"end":{"line":19,"column":null}}},"fnMap":{"0":{"name":"(anonymous_0)","decl":{"start":{"line":1,"column":20},"end":{"line":1,"column":26}},"loc":{"start":{"line":1,"column":26},"end":{"line":3,"column":null}}},"1":{"name":"(anonymous_1)","decl":{"start":{"line":5,"column":24},"end":{"line":5,"column":null}},"loc":{"start":{"line":6,"column":4},"end":{"line":19,"column":null}}}},"branchMap":{},"s":{"0":2,"1":16,"2":2,"3":16},"f":{"0":16,"1":16},"b":{}}
,"/home/ldauga/Desktop/red_tetris/packages/client/src/main.tsx": {"path":"/home/ldauga/Desktop/red_tetris/packages/client/src/main.tsx","statementMap":{"0":{"start":{"line":9,"column":13},"end":{"line":9,"column":null}},"1":{"start":{"line":12,"column":2},"end":{"line":19,"column":null}},"2":{"start":{"line":23,"column":0},"end":{"line":23,"column":null}}},"fnMap":{"0":{"name":"App","decl":{"start":{"line":11,"column":9},"end":{"line":11,"column":15}},"loc":{"start":{"line":11,"column":15},"end":{"line":21,"column":null}}}},"branchMap":{},"s":{"0":0,"1":0,"2":0},"f":{"0":0},"b":{}}
,"/home/ldauga/Desktop/red_tetris/packages/client/src/hooks/useHashRouter.tsx": {"path":"/home/ldauga/Desktop/red_tetris/packages/client/src/hooks/useHashRouter.tsx","statementMap":{"0":{"start":{"line":4,"column":22},"end":{"line":13,"column":null}},"1":{"start":{"line":5,"column":26},"end":{"line":5,"column":null}},"2":{"start":{"line":6,"column":19},"end":{"line":6,"column":null}},"3":{"start":{"line":8,"column":2},"end":{"line":10,"column":null}},"4":{"start":{"line":9,"column":4},"end":{"line":9,"column":null}},"5":{"start":{"line":12,"column":2},"end":{"line":12,"column":null}}},"fnMap":{"0":{"name":"(anonymous_0)","decl":{"start":{"line":4,"column":22},"end":{"line":4,"column":83}},"loc":{"start":{"line":4,"column":83},"end":{"line":13,"column":null}}},"1":{"name":"(anonymous_1)","decl":{"start":{"line":8,"column":12},"end":{"line":8,"column":18}},"loc":{"start":{"line":8,"column":18},"end":{"line":10,"column":5}}}},"branchMap":{},"s":{"0":2,"1":27,"2":27,"3":27,"4":20,"5":27},"f":{"0":27,"1":20},"b":{}}
,"/home/ldauga/Desktop/red_tetris/packages/client/src/middleware/socketMiddleware.ts": {"path":"/home/ldauga/Desktop/red_tetris/packages/client/src/middleware/socketMiddleware.ts","statementMap":{"0":{"start":{"line":4,"column":7},"end":{"line":4,"column":null}},"1":{"start":{"line":5,"column":2},"end":{"line":5,"column":null}},"2":{"start":{"line":6,"column":2},"end":{"line":6,"column":null}},"3":{"start":{"line":7,"column":2},"end":{"line":7,"column":null}},"4":{"start":{"line":8,"column":2},"end":{"line":8,"column":null}},"5":{"start":{"line":4,"column":12},"end":{"line":4,"column":null}},"6":{"start":{"line":12,"column":32},"end":{"line":51,"column":null}},"7":{"start":{"line":12,"column":48},"end":{"line":51,"column":null}},"8":{"start":{"line":12,"column":63},"end":{"line":51,"column":null}},"9":{"start":{"line":13,"column":19},"end":{"line":13,"column":null}},"10":{"start":{"line":14,"column":45},"end":{"line":14,"column":null}},"11":{"start":{"line":16,"column":2},"end":{"line":48,"column":null}},"12":{"start":{"line":18,"column":6},"end":{"line":18,"column":null}},"13":{"start":{"line":19,"column":6},"end":{"line":22,"column":null}},"14":{"start":{"line":20,"column":6},"end":{"line":20,"column":null}},"15":{"start":{"line":21,"column":6},"end":{"line":21,"column":null}},"16":{"start":{"line":23,"column":6},"end":{"line":23,"column":null}},"17":{"start":{"line":25,"column":6},"end":{"line":25,"column":null}},"18":{"start":{"line":26,"column":6},"end":{"line":30,"column":null}},"19":{"start":{"line":27,"column":6},"end":{"line":27,"column":null}},"20":{"start":{"line":28,"column":6},"end":{"line":28,"column":null}},"21":{"start":{"line":29,"column":8},"end":{"line":29,"column":null}},"22":{"start":{"line":31,"column":6},"end":{"line":31,"column":null}},"23":{"start":{"line":33,"column":6},"end":{"line":33,"column":null}},"24":{"start":{"line":34,"column":6},"end":{"line":37,"column":null}},"25":{"start":{"line":35,"column":8},"end":{"line":35,"column":null}},"26":{"start":{"line":36,"column":8},"end":{"line":36,"column":null}},"27":{"start":{"line":38,"column":6},"end":{"line":38,"column":null}},"28":{"start":{"line":40,"column":6},"end":{"line":40,"column":null}},"29":{"start":{"line":41,"column":6},"end":{"line":44,"column":null}},"30":{"start":{"line":42,"column":6},"end":{"line":42,"column":null}},"31":{"start":{"line":43,"column":6},"end":{"line":43,"column":null}},"32":{"start":{"line":45,"column":6},"end":{"line":45,"column":null}},"33":{"start":{"line":47,"column":6},"end":{"line":47,"column":null}},"34":{"start":{"line":50,"column":2},"end":{"line":50,"column":null}}},"fnMap":{"0":{"name":"(anonymous_0)","decl":{"start":{"line":4,"column":7},"end":{"line":4,"column":12}},"loc":{"start":{"line":4,"column":7},"end":{"line":4,"column":null}}},"1":{"name":"(anonymous_1)","decl":{"start":{"line":12,"column":32},"end":{"line":12,"column":33}},"loc":{"start":{"line":12,"column":48},"end":{"line":51,"column":null}}},"2":{"name":"(anonymous_2)","decl":{"start":{"line":12,"column":48},"end":{"line":12,"column":49}},"loc":{"start":{"line":12,"column":63},"end":{"line":51,"column":null}}},"3":{"name":"(anonymous_3)","decl":{"start":{"line":12,"column":63},"end":{"line":12,"column":64}},"loc":{"start":{"line":12,"column":80},"end":{"line":51,"column":null}}}},"branchMap":{"0":{"loc":{"start":{"line":4,"column":12},"end":{"line":4,"column":null}},"type":"binary-expr","locations":[{"start":{"line":4,"column":12},"end":{"line":4,"column":null}},{"start":{"line":4,"column":12},"end":{"line":4,"column":null}}]},"1":{"loc":{"start":{"line":16,"column":2},"end":{"line":48,"column":null}},"type":"switch","locations":[{"start":{"line":17,"column":4},"end":{"line":23,"column":null}},{"start":{"line":24,"column":4},"end":{"line":31,"column":null}},{"start":{"line":32,"column":4},"end":{"line":38,"column":null}},{"start":{"line":39,"column":4},"end":{"line":45,"column":null}},{"start":{"line":46,"column":4},"end":{"line":47,"column":null}}]},"2":{"loc":{"start":{"line":19,"column":6},"end":{"line":22,"column":null}},"type":"if","locations":[{"start":{"line":19,"column":6},"end":{"line":22,"column":null}},{"start":{"line":19,"column":6},"end":{"line":22,"column":null}}]},"3":{"loc":{"start":{"line":26,"column":6},"end":{"line":30,"column":null}},"type":"if","locations":[{"start":{"line":26,"column":6},"end":{"line":30,"column":null}},{"start":{"line":26,"column":6},"end":{"line":30,"column":null}}]},"4":{"loc":{"start":{"line":34,"column":6},"end":{"line":37,"column":null}},"type":"if","locations":[{"start":{"line":34,"column":6},"end":{"line":37,"column":null}},{"start":{"line":34,"column":6},"end":{"line":37,"column":null}}]},"5":{"loc":{"start":{"line":41,"column":6},"end":{"line":44,"column":null}},"type":"if","locations":[{"start":{"line":41,"column":6},"end":{"line":44,"column":null}},{"start":{"line":41,"column":6},"end":{"line":44,"column":null}}]}},"s":{"0":3,"1":3,"2":3,"3":3,"4":3,"5":3,"6":3,"7":14,"8":14,"9":12,"10":12,"11":12,"12":4,"13":4,"14":3,"15":3,"16":4,"17":3,"18":3,"19":2,"20":2,"21":2,"22":3,"23":2,"24":2,"25":1,"26":1,"27":2,"28":2,"29":2,"30":1,"31":1,"32":2,"33":1,"34":12},"f":{"0":3,"1":14,"2":14,"3":12},"b":{"0":[3,3],"1":[4,3,2,2,1],"2":[3,1],"3":[2,1],"4":[1,1],"5":[1,1]}}
,"/home/ldauga/Desktop/red_tetris/packages/client/src/store/store.ts": {"path":"/home/ldauga/Desktop/red_tetris/packages/client/src/store/store.ts","statementMap":{"0":{"start":{"line":6,"column":21},"end":{"line":22,"column":null}},"1":{"start":{"line":13,"column":8},"end":{"line":13,"column":null}},"2":{"start":{"line":16,"column":8},"end":{"line":16,"column":null}},"3":{"start":{"line":18,"column":10},"end":{"line":18,"column":null}},"4":{"start":{"line":20,"column":40},"end":{"line":21,"column":null}}},"fnMap":{"0":{"name":"(anonymous_0)","decl":{"start":{"line":9,"column":17},"end":{"line":9,"column":18}},"loc":{"start":{"line":18,"column":10},"end":{"line":18,"column":null}}},"1":{"name":"(anonymous_1)","decl":{"start":{"line":12,"column":19},"end":{"line":12,"column":25}},"loc":{"start":{"line":12,"column":25},"end":{"line":14,"column":null}}},"2":{"name":"(anonymous_2)","decl":{"start":{"line":15,"column":17},"end":{"line":15,"column":18}},"loc":{"start":{"line":15,"column":37},"end":{"line":17,"column":null}}},"3":{"name":"(anonymous_3)","decl":{"start":{"line":20,"column":14},"end":{"line":20,"column":15}},"loc":{"start":{"line":20,"column":40},"end":{"line":21,"column":null}}}},"branchMap":{"0":{"loc":{"start":{"line":9,"column":18},"end":{"line":18,"column":10}},"type":"default-arg","locations":[{"start":{"line":9,"column":26},"end":{"line":18,"column":10}}]}},"s":{"0":2,"1":1,"2":2,"3":6,"4":2},"f":{"0":6,"1":1,"2":2,"3":2},"b":{"0":[6]}}
,"/home/ldauga/Desktop/red_tetris/packages/client/src/utils/ip.ts": {"path":"/home/ldauga/Desktop/red_tetris/packages/client/src/utils/ip.ts","statementMap":{"0":{"start":{"line":1,"column":24},"end":{"line":1,"column":null}}},"fnMap":{},"branchMap":{},"s":{"0":4},"f":{},"b":{}}
,"/home/ldauga/Desktop/red_tetris/packages/server/app.js": {"path":"/home/ldauga/Desktop/red_tetris/packages/server/app.js","statementMap":{"0":{"start":{"line":2,"column":22},"end":{"line":4,"column":1}},"1":{"start":{"line":3,"column":4},"end":{"line":3,"column":62}},"2":{"start":{"line":5,"column":0},"end":{"line":5,"column":62}},"3":{"start":{"line":6,"column":18},"end":{"line":6,"column":53}},"4":{"start":{"line":7,"column":20},"end":{"line":7,"column":40}},"5":{"start":{"line":8,"column":15},"end":{"line":8,"column":47}},"6":{"start":{"line":9,"column":17},"end":{"line":9,"column":51}},"7":{"start":{"line":10,"column":0},"end":{"line":10,"column":26}},"8":{"start":{"line":11,"column":15},"end":{"line":11,"column":47}},"9":{"start":{"line":12,"column":15},"end":{"line":12,"column":54}},"10":{"start":{"line":13,"column":17},"end":{"line":13,"column":58}},"11":{"start":{"line":14,"column":12},"end":{"line":14,"column":36}},"12":{"start":{"line":15,"column":15},"end":{"line":15,"column":47}},"13":{"start":{"line":16,"column":11},"end":{"line":16,"column":41}},"14":{"start":{"line":17,"column":13},"end":{"line":17,"column":37}},"15":{"start":{"line":18,"column":18},"end":{"line":18,"column":20}},"16":{"start":{"line":19,"column":25},"end":{"line":19,"column":27}},"17":{"start":{"line":20,"column":0},"end":{"line":27,"column":7}},"18":{"start":{"line":21,"column":4},"end":{"line":26,"column":5}},"19":{"start":{"line":21,"column":21},"end":{"line":21,"column":22}},"20":{"start":{"line":22,"column":24},"end":{"line":22,"column":40}},"21":{"start":{"line":23,"column":8},"end":{"line":25,"column":9}},"22":{"start":{"line":24,"column":12},"end":{"line":24,"column":27}},"23":{"start":{"line":28,"column":0},"end":{"line":35,"column":7}},"24":{"start":{"line":29,"column":4},"end":{"line":34,"column":5}},"25":{"start":{"line":29,"column":21},"end":{"line":29,"column":22}},"26":{"start":{"line":30,"column":24},"end":{"line":30,"column":40}},"27":{"start":{"line":31,"column":8},"end":{"line":33,"column":9}},"28":{"start":{"line":32,"column":12},"end":{"line":32,"column":29}},"29":{"start":{"line":36,"column":23},"end":{"line":38,"column":1}},"30":{"start":{"line":37,"column":4},"end":{"line":37,"column":80}},"31":{"start":{"line":37,"column":46},"end":{"line":37,"column":78}},"32":{"start":{"line":39,"column":28},"end":{"line":42,"column":1}},"33":{"start":{"line":40,"column":17},"end":{"line":40,"column":39}},"34":{"start":{"line":41,"column":4},"end":{"line":41,"column":99}},"35":{"start":{"line":41,"column":39},"end":{"line":41,"column":97}},"36":{"start":{"line":43,"column":0},"end":{"line":162,"column":3}},"37":{"start":{"line":44,"column":31},"end":{"line":44,"column":53}},"38":{"start":{"line":45,"column":4},"end":{"line":46,"column":15}},"39":{"start":{"line":46,"column":8},"end":{"line":46,"column":15}},"40":{"start":{"line":47,"column":16},"end":{"line":47,"column":18}},"41":{"start":{"line":48,"column":4},"end":{"line":64,"column":5}},"42":{"start":{"line":48,"column":33},"end":{"line":48,"column":48}},"43":{"start":{"line":49,"column":8},"end":{"line":60,"column":9}},"44":{"start":{"line":49,"column":47},"end":{"line":49,"column":62}},"45":{"start":{"line":50,"column":12},"end":{"line":50,"column":43}},"46":{"start":{"line":51,"column":12},"end":{"line":51,"column":49}},"47":{"start":{"line":54,"column":12},"end":{"line":59,"column":119}},"48":{"start":{"line":54,"column":51},"end":{"line":54,"column":66}},"49":{"start":{"line":55,"column":16},"end":{"line":55,"column":49}},"50":{"start":{"line":56,"column":16},"end":{"line":56,"column":53}},"51":{"start":{"line":59,"column":16},"end":{"line":59,"column":119}},"52":{"start":{"line":59,"column":51},"end":{"line":59,"column":66}},"53":{"start":{"line":63,"column":8},"end":{"line":63,"column":89}},"54":{"start":{"line":65,"column":4},"end":{"line":75,"column":5}},"55":{"start":{"line":66,"column":8},"end":{"line":66,"column":79}},"56":{"start":{"line":67,"column":8},"end":{"line":67,"column":64}},"57":{"start":{"line":68,"column":8},"end":{"line":68,"column":80}},"58":{"start":{"line":69,"column":8},"end":{"line":69,"column":79}},"59":{"start":{"line":70,"column":8},"end":{"line":70,"column":88}},"60":{"start":{"line":71,"column":8},"end":{"line":71,"column":80}},"61":{"start":{"line":72,"column":8},"end":{"line":72,"column":62}},"62":{"start":{"line":73,"column":8},"end":{"line":73,"column":136}},"63":{"start":{"line":73,"column":45},"end":{"line":73,"column":132}},"64":{"start":{"line":74,"column":8},"end":{"line":74,"column":80}},"65":{"start":{"line":76,"column":4},"end":{"line":83,"column":7}},"66":{"start":{"line":77,"column":8},"end":{"line":77,"column":47}},"67":{"start":{"line":78,"column":21},"end":{"line":78,"column":43}},"68":{"start":{"line":79,"column":27},"end":{"line":79,"column":54}},"69":{"start":{"line":80,"column":8},"end":{"line":82,"column":9}},"70":{"start":{"line":81,"column":12},"end":{"line":81,"column":42}},"71":{"start":{"line":84,"column":4},"end":{"line":91,"column":7}},"72":{"start":{"line":85,"column":8},"end":{"line":85,"column":56}},"73":{"start":{"line":86,"column":21},"end":{"line":86,"column":43}},"74":{"start":{"line":87,"column":27},"end":{"line":87,"column":54}},"75":{"start":{"line":88,"column":8},"end":{"line":90,"column":9}},"76":{"start":{"line":89,"column":12},"end":{"line":89,"column":46}},"77":{"start":{"line":92,"column":4},"end":{"line":101,"column":7}},"78":{"start":{"line":93,"column":8},"end":{"line":93,"column":50}},"79":{"start":{"line":94,"column":21},"end":{"line":94,"column":43}},"80":{"start":{"line":95,"column":27},"end":{"line":95,"column":54}},"81":{"start":{"line":96,"column":8},"end":{"line":100,"column":9}},"82":{"start":{"line":97,"column":25},"end":{"line":97,"column":73}},"83":{"start":{"line":98,"column":12},"end":{"line":99,"column":32}},"84":{"start":{"line":99,"column":16},"end":{"line":99,"column":32}},"85":{"start":{"line":102,"column":4},"end":{"line":111,"column":7}},"86":{"start":{"line":103,"column":8},"end":{"line":103,"column":51}},"87":{"start":{"line":104,"column":21},"end":{"line":104,"column":43}},"88":{"start":{"line":105,"column":27},"end":{"line":105,"column":54}},"89":{"start":{"line":106,"column":8},"end":{"line":110,"column":9}},"90":{"start":{"line":107,"column":25},"end":{"line":107,"column":73}},"91":{"start":{"line":108,"column":12},"end":{"line":109,"column":33}},"92":{"start":{"line":109,"column":16},"end":{"line":109,"column":33}},"93":{"start":{"line":112,"column":4},"end":{"line":121,"column":7}},"94":{"start":{"line":113,"column":8},"end":{"line":113,"column":50}},"95":{"start":{"line":114,"column":21},"end":{"line":114,"column":43}},"96":{"start":{"line":115,"column":27},"end":{"line":115,"column":54}},"97":{"start":{"line":116,"column":8},"end":{"line":120,"column":9}},"98":{"start":{"line":117,"column":25},"end":{"line":117,"column":73}},"99":{"start":{"line":118,"column":12},"end":{"line":119,"column":32}},"100":{"start":{"line":119,"column":16},"end":{"line":119,"column":32}},"101":{"start":{"line":122,"column":4},"end":{"line":131,"column":7}},"102":{"start":{"line":123,"column":8},"end":{"line":123,"column":46}},"103":{"start":{"line":124,"column":21},"end":{"line":124,"column":43}},"104":{"start":{"line":125,"column":27},"end":{"line":125,"column":54}},"105":{"start":{"line":126,"column":8},"end":{"line":130,"column":9}},"106":{"start":{"line":127,"column":25},"end":{"line":127,"column":73}},"107":{"start":{"line":128,"column":12},"end":{"line":129,"column":28}},"108":{"start":{"line":129,"column":16},"end":{"line":129,"column":28}},"109":{"start":{"line":132,"column":4},"end":{"line":141,"column":7}},"110":{"start":{"line":133,"column":8},"end":{"line":133,"column":48}},"111":{"start":{"line":134,"column":21},"end":{"line":134,"column":43}},"112":{"start":{"line":135,"column":27},"end":{"line":135,"column":54}},"113":{"start":{"line":136,"column":8},"end":{"line":140,"column":9}},"114":{"start":{"line":137,"column":25},"end":{"line":137,"column":73}},"115":{"start":{"line":138,"column":12},"end":{"line":139,"column":30}},"116":{"start":{"line":139,"column":16},"end":{"line":139,"column":30}},"117":{"start":{"line":142,"column":4},"end":{"line":161,"column":7}},"118":{"start":{"line":143,"column":8},"end":{"line":160,"column":9}},"119":{"start":{"line":143,"column":46},"end":{"line":143,"column":70}},"120":{"start":{"line":144,"column":39},"end":{"line":144,"column":129}},"121":{"start":{"line":144,"column":97},"end":{"line":144,"column":121}},"122":{"start":{"line":145,"column":12},"end":{"line":145,"column":81}},"123":{"start":{"line":146,"column":12},"end":{"line":146,"column":65}},"124":{"start":{"line":147,"column":12},"end":{"line":147,"column":46}},"125":{"start":{"line":148,"column":12},"end":{"line":148,"column":81}},"126":{"start":{"line":149,"column":31},"end":{"line":149,"column":96}},"127":{"start":{"line":149,"column":59},"end":{"line":149,"column":95}},"128":{"start":{"line":150,"column":12},"end":{"line":159,"column":13}},"129":{"start":{"line":151,"column":29},"end":{"line":151,"column":50}},"130":{"start":{"line":152,"column":16},"end":{"line":152,"column":63}},"131":{"start":{"line":153,"column":16},"end":{"line":154,"column":52}},"132":{"start":{"line":154,"column":20},"end":{"line":154,"column":52}},"133":{"start":{"line":155,"column":16},"end":{"line":155,"column":88}},"134":{"start":{"line":156,"column":16},"end":{"line":156,"column":70}},"135":{"start":{"line":157,"column":16},"end":{"line":157,"column":144}},"136":{"start":{"line":157,"column":53},"end":{"line":157,"column":140}},"137":{"start":{"line":158,"column":16},"end":{"line":158,"column":88}},"138":{"start":{"line":163,"column":0},"end":{"line":165,"column":3}},"139":{"start":{"line":164,"column":4},"end":{"line":164,"column":53}},"140":{"start":{"line":166,"column":0},"end":{"line":166,"column":90}},"141":{"start":{"line":167,"column":0},"end":{"line":169,"column":3}},"142":{"start":{"line":168,"column":4},"end":{"line":168,"column":84}},"143":{"start":{"line":170,"column":0},"end":{"line":170,"column":22}}},"fnMap":{"0":{"name":"(anonymous_0)","decl":{"start":{"line":2,"column":56},"end":{"line":2,"column":64}},"loc":{"start":{"line":2,"column":71},"end":{"line":4,"column":1}}},"1":{"name":"(anonymous_1)","decl":{"start":{"line":20,"column":12},"end":{"line":20,"column":13}},"loc":{"start":{"line":20,"column":18},"end":{"line":27,"column":1}}},"2":{"name":"(anonymous_2)","decl":{"start":{"line":28,"column":12},"end":{"line":28,"column":13}},"loc":{"start":{"line":28,"column":18},"end":{"line":35,"column":1}}},"3":{"name":"(anonymous_3)","decl":{"start":{"line":36,"column":23},"end":{"line":36,"column":24}},"loc":{"start":{"line":36,"column":35},"end":{"line":38,"column":1}}},"4":{"name":"(anonymous_4)","decl":{"start":{"line":37,"column":33},"end":{"line":37,"column":42}},"loc":{"start":{"line":37,"column":46},"end":{"line":37,"column":78}}},"5":{"name":"(anonymous_5)","decl":{"start":{"line":39,"column":28},"end":{"line":39,"column":29}},"loc":{"start":{"line":39,"column":40},"end":{"line":42,"column":1}}},"6":{"name":"(anonymous_6)","decl":{"start":{"line":41,"column":31},"end":{"line":41,"column":35}},"loc":{"start":{"line":41,"column":39},"end":{"line":41,"column":97}}},"7":{"name":"(anonymous_7)","decl":{"start":{"line":43,"column":20},"end":{"line":43,"column":21}},"loc":{"start":{"line":43,"column":32},"end":{"line":162,"column":1}}},"8":{"name":"(anonymous_8)","decl":{"start":{"line":48,"column":28},"end":{"line":48,"column":29}},"loc":{"start":{"line":48,"column":33},"end":{"line":48,"column":48}}},"9":{"name":"(anonymous_9)","decl":{"start":{"line":49,"column":42},"end":{"line":49,"column":43}},"loc":{"start":{"line":49,"column":47},"end":{"line":49,"column":62}}},"10":{"name":"(anonymous_10)","decl":{"start":{"line":54,"column":46},"end":{"line":54,"column":47}},"loc":{"start":{"line":54,"column":51},"end":{"line":54,"column":66}}},"11":{"name":"(anonymous_11)","decl":{"start":{"line":59,"column":46},"end":{"line":59,"column":47}},"loc":{"start":{"line":59,"column":51},"end":{"line":59,"column":66}}},"12":{"name":"(anonymous_12)","decl":{"start":{"line":73,"column":36},"end":{"line":73,"column":40}},"loc":{"start":{"line":73,"column":45},"end":{"line":73,"column":132}}},"13":{"name":"(anonymous_13)","decl":{"start":{"line":76,"column":23},"end":{"line":76,"column":24}},"loc":{"start":{"line":76,"column":29},"end":{"line":83,"column":5}}},"14":{"name":"(anonymous_14)","decl":{"start":{"line":84,"column":32},"end":{"line":84,"column":33}},"loc":{"start":{"line":84,"column":38},"end":{"line":91,"column":5}}},"15":{"name":"(anonymous_15)","decl":{"start":{"line":92,"column":26},"end":{"line":92,"column":27}},"loc":{"start":{"line":92,"column":32},"end":{"line":101,"column":5}}},"16":{"name":"(anonymous_16)","decl":{"start":{"line":102,"column":27},"end":{"line":102,"column":28}},"loc":{"start":{"line":102,"column":33},"end":{"line":111,"column":5}}},"17":{"name":"(anonymous_17)","decl":{"start":{"line":112,"column":26},"end":{"line":112,"column":27}},"loc":{"start":{"line":112,"column":32},"end":{"line":121,"column":5}}},"18":{"name":"(anonymous_18)","decl":{"start":{"line":122,"column":22},"end":{"line":122,"column":23}},"loc":{"start":{"line":122,"column":28},"end":{"line":131,"column":5}}},"19":{"name":"(anonymous_19)","decl":{"start":{"line":132,"column":24},"end":{"line":132,"column":25}},"loc":{"start":{"line":132,"column":30},"end":{"line":141,"column":5}}},"20":{"name":"(anonymous_20)","decl":{"start":{"line":142,"column":28},"end":{"line":142,"column":29}},"loc":{"start":{"line":142,"column":34},"end":{"line":161,"column":5}}},"21":{"name":"(anonymous_21)","decl":{"start":{"line":143,"column":39},"end":{"line":143,"column":40}},"loc":{"start":{"line":143,"column":46},"end":{"line":143,"column":70}}},"22":{"name":"(anonymous_22)","decl":{"start":{"line":144,"column":90},"end":{"line":144,"column":91}},"loc":{"start":{"line":144,"column":97},"end":{"line":144,"column":121}}},"23":{"name":"(anonymous_23)","decl":{"start":{"line":149,"column":51},"end":{"line":149,"column":55}},"loc":{"start":{"line":149,"column":59},"end":{"line":149,"column":95}}},"24":{"name":"(anonymous_24)","decl":{"start":{"line":157,"column":44},"end":{"line":157,"column":48}},"loc":{"start":{"line":157,"column":53},"end":{"line":157,"column":140}}},"25":{"name":"(anonymous_25)","decl":{"start":{"line":163,"column":49},"end":{"line":163,"column":50}},"loc":{"start":{"line":163,"column":55},"end":{"line":165,"column":1}}},"26":{"name":"(anonymous_26)","decl":{"start":{"line":167,"column":13},"end":{"line":167,"column":14}},"loc":{"start":{"line":167,"column":27},"end":{"line":169,"column":1}}}},"branchMap":{"0":{"loc":{"start":{"line":2,"column":22},"end":{"line":4,"column":1}},"type":"binary-expr","locations":[{"start":{"line":2,"column":23},"end":{"line":2,"column":27}},{"start":{"line":2,"column":31},"end":{"line":2,"column":51}},{"start":{"line":2,"column":56},"end":{"line":4,"column":1}}]},"1":{"loc":{"start":{"line":3,"column":11},"end":{"line":3,"column":61}},"type":"cond-expr","locations":[{"start":{"line":3,"column":37},"end":{"line":3,"column":40}},{"start":{"line":3,"column":43},"end":{"line":3,"column":61}}]},"2":{"loc":{"start":{"line":3,"column":12},"end":{"line":3,"column":33}},"type":"binary-expr","locations":[{"start":{"line":3,"column":12},"end":{"line":3,"column":15}},{"start":{"line":3,"column":19},"end":{"line":3,"column":33}}]},"3":{"loc":{"start":{"line":17,"column":13},"end":{"line":17,"column":37}},"type":"binary-expr","locations":[{"start":{"line":17,"column":13},"end":{"line":17,"column":29}},{"start":{"line":17,"column":33},"end":{"line":17,"column":37}}]},"4":{"loc":{"start":{"line":23,"column":8},"end":{"line":25,"column":9}},"type":"if","locations":[{"start":{"line":23,"column":8},"end":{"line":25,"column":9}},{"start":{"line":23,"column":8},"end":{"line":25,"column":9}}]},"5":{"loc":{"start":{"line":31,"column":8},"end":{"line":33,"column":9}},"type":"if","locations":[{"start":{"line":31,"column":8},"end":{"line":33,"column":9}},{"start":{"line":31,"column":8},"end":{"line":33,"column":9}}]},"6":{"loc":{"start":{"line":41,"column":39},"end":{"line":41,"column":97}},"type":"binary-expr","locations":[{"start":{"line":41,"column":39},"end":{"line":41,"column":61}},{"start":{"line":41,"column":65},"end":{"line":41,"column":97}}]},"7":{"loc":{"start":{"line":45,"column":4},"end":{"line":46,"column":15}},"type":"if","locations":[{"start":{"line":45,"column":4},"end":{"line":46,"column":15}},{"start":{"line":45,"column":4},"end":{"line":46,"column":15}}]},"8":{"loc":{"start":{"line":45,"column":8},"end":{"line":45,"column":66}},"type":"binary-expr","locations":[{"start":{"line":45,"column":8},"end":{"line":45,"column":33}},{"start":{"line":45,"column":37},"end":{"line":45,"column":66}}]},"9":{"loc":{"start":{"line":48,"column":4},"end":{"line":64,"column":5}},"type":"if","locations":[{"start":{"line":48,"column":4},"end":{"line":64,"column":5}},{"start":{"line":62,"column":9},"end":{"line":64,"column":5}}]},"10":{"loc":{"start":{"line":49,"column":8},"end":{"line":60,"column":9}},"type":"if","locations":[{"start":{"line":49,"column":8},"end":{"line":60,"column":9}},{"start":{"line":53,"column":13},"end":{"line":60,"column":9}}]},"11":{"loc":{"start":{"line":54,"column":12},"end":{"line":59,"column":119}},"type":"if","locations":[{"start":{"line":54,"column":12},"end":{"line":59,"column":119}},{"start":{"line":59,"column":16},"end":{"line":59,"column":119}}]},"12":{"loc":{"start":{"line":65,"column":4},"end":{"line":75,"column":5}},"type":"if","locations":[{"start":{"line":65,"column":4},"end":{"line":75,"column":5}},{"start":{"line":65,"column":4},"end":{"line":75,"column":5}}]},"13":{"loc":{"start":{"line":80,"column":8},"end":{"line":82,"column":9}},"type":"if","locations":[{"start":{"line":80,"column":8},"end":{"line":82,"column":9}},{"start":{"line":80,"column":8},"end":{"line":82,"column":9}}]},"14":{"loc":{"start":{"line":88,"column":8},"end":{"line":90,"column":9}},"type":"if","locations":[{"start":{"line":88,"column":8},"end":{"line":90,"column":9}},{"start":{"line":88,"column":8},"end":{"line":90,"column":9}}]},"15":{"loc":{"start":{"line":96,"column":8},"end":{"line":100,"column":9}},"type":"if","locations":[{"start":{"line":96,"column":8},"end":{"line":100,"column":9}},{"start":{"line":96,"column":8},"end":{"line":100,"column":9}}]},"16":{"loc":{"start":{"line":98,"column":12},"end":{"line":99,"column":32}},"type":"if","locations":[{"start":{"line":98,"column":12},"end":{"line":99,"column":32}},{"start":{"line":98,"column":12},"end":{"line":99,"column":32}}]},"17":{"loc":{"start":{"line":98,"column":16},"end":{"line":98,"column":39}},"type":"binary-expr","locations":[{"start":{"line":98,"column":16},"end":{"line":98,"column":20}},{"start":{"line":98,"column":24},"end":{"line":98,"column":39}}]},"18":{"loc":{"start":{"line":106,"column":8},"end":{"line":110,"column":9}},"type":"if","locations":[{"start":{"line":106,"column":8},"end":{"line":110,"column":9}},{"start":{"line":106,"column":8},"end":{"line":110,"column":9}}]},"19":{"loc":{"start":{"line":108,"column":12},"end":{"line":109,"column":33}},"type":"if","locations":[{"start":{"line":108,"column":12},"end":{"line":109,"column":33}},{"start":{"line":108,"column":12},"end":{"line":109,"column":33}}]},"20":{"loc":{"start":{"line":108,"column":16},"end":{"line":108,"column":39}},"type":"binary-expr","locations":[{"start":{"line":108,"column":16},"end":{"line":108,"column":20}},{"start":{"line":108,"column":24},"end":{"line":108,"column":39}}]},"21":{"loc":{"start":{"line":116,"column":8},"end":{"line":120,"column":9}},"type":"if","locations":[{"start":{"line":116,"column":8},"end":{"line":120,"column":9}},{"start":{"line":116,"column":8},"end":{"line":120,"column":9}}]},"22":{"loc":{"start":{"line":118,"column":12},"end":{"line":119,"column":32}},"type":"if","locations":[{"start":{"line":118,"column":12},"end":{"line":119,"column":32}},{"start":{"line":118,"column":12},"end":{"line":119,"column":32}}]},"23":{"loc":{"start":{"line":118,"column":16},"end":{"line":118,"column":39}},"type":"binary-expr","locations":[{"start":{"line":118,"column":16},"end":{"line":118,"column":20}},{"start":{"line":118,"column":24},"end":{"line":118,"column":39}}]},"24":{"loc":{"start":{"line":126,"column":8},"end":{"line":130,"column":9}},"type":"if","locations":[{"start":{"line":126,"column":8},"end":{"line":130,"column":9}},{"start":{"line":126,"column":8},"end":{"line":130,"column":9}}]},"25":{"loc":{"start":{"line":128,"column":12},"end":{"line":129,"column":28}},"type":"if","locations":[{"start":{"line":128,"column":12},"end":{"line":129,"column":28}},{"start":{"line":128,"column":12},"end":{"line":129,"column":28}}]},"26":{"loc":{"start":{"line":128,"column":16},"end":{"line":128,"column":39}},"type":"binary-expr","locations":[{"start":{"line":128,"column":16},"end":{"line":128,"column":20}},{"start":{"line":128,"column":24},"end":{"line":128,"column":39}}]},"27":{"loc":{"start":{"line":136,"column":8},"end":{"line":140,"column":9}},"type":"if","locations":[{"start":{"line":136,"column":8},"end":{"line":140,"column":9}},{"start":{"line":136,"column":8},"end":{"line":140,"column":9}}]},"28":{"loc":{"start":{"line":138,"column":12},"end":{"line":139,"column":30}},"type":"if","locations":[{"start":{"line":138,"column":12},"end":{"line":139,"column":30}},{"start":{"line":138,"column":12},"end":{"line":139,"column":30}}]},"29":{"loc":{"start":{"line":138,"column":16},"end":{"line":138,"column":39}},"type":"binary-expr","locations":[{"start":{"line":138,"column":16},"end":{"line":138,"column":20}},{"start":{"line":138,"column":24},"end":{"line":138,"column":39}}]},"30":{"loc":{"start":{"line":143,"column":8},"end":{"line":160,"column":9}},"type":"if","locations":[{"start":{"line":143,"column":8},"end":{"line":160,"column":9}},{"start":{"line":143,"column":8},"end":{"line":160,"column":9}}]},"31":{"loc":{"start":{"line":150,"column":12},"end":{"line":159,"column":13}},"type":"if","locations":[{"start":{"line":150,"column":12},"end":{"line":159,"column":13}},{"start":{"line":150,"column":12},"end":{"line":159,"column":13}}]},"32":{"loc":{"start":{"line":153,"column":16},"end":{"line":154,"column":52}},"type":"if","locations":[{"start":{"line":153,"column":16},"end":{"line":154,"column":52}},{"start":{"line":153,"column":16},"end":{"line":154,"column":52}}]},"33":{"loc":{"start":{"line":163,"column":20},"end":{"line":163,"column":47}},"type":"binary-expr","locations":[{"start":{"line":163,"column":20},"end":{"line":163,"column":34}},{"start":{"line":163,"column":38},"end":{"line":163,"column":47}}]}},"s":{"0":1,"1":6,"2":1,"3":1,"4":1,"5":1,"6":1,"7":1,"8":1,"9":1,"10":1,"11":1,"12":1,"13":1,"14":1,"15":1,"16":1,"17":1,"18":2,"19":2,"20":0,"21":0,"22":0,"23":1,"24":2,"25":2,"26":0,"27":0,"28":0,"29":1,"30":0,"31":0,"32":1,"33":0,"34":0,"35":0,"36":1,"37":0,"38":0,"39":0,"40":0,"41":0,"42":0,"43":0,"44":0,"45":0,"46":0,"47":0,"48":0,"49":0,"50":0,"51":0,"52":0,"53":0,"54":0,"55":0,"56":0,"57":0,"58":0,"59":0,"60":0,"61":0,"62":0,"63":0,"64":0,"65":0,"66":0,"67":0,"68":0,"69":0,"70":0,"71":0,"72":0,"73":0,"74":0,"75":0,"76":0,"77":0,"78":0,"79":0,"80":0,"81":0,"82":0,"83":0,"84":0,"85":0,"86":0,"87":0,"88":0,"89":0,"90":0,"91":0,"92":0,"93":0,"94":0,"95":0,"96":0,"97":0,"98":0,"99":0,"100":0,"101":0,"102":0,"103":0,"104":0,"105":0,"106":0,"107":0,"108":0,"109":0,"110":0,"111":0,"112":0,"113":0,"114":0,"115":0,"116":0,"117":0,"118":0,"119":0,"120":0,"121":0,"122":0,"123":0,"124":0,"125":0,"126":0,"127":0,"128":0,"129":0,"130":0,"131":0,"132":0,"133":0,"134":0,"135":0,"136":0,"137":0,"138":1,"139":1,"140":1,"141":1,"142":0,"143":1},"f":{"0":6,"1":2,"2":2,"3":0,"4":0,"5":0,"6":0,"7":0,"8":0,"9":0,"10":0,"11":0,"12":0,"13":0,"14":0,"15":0,"16":0,"17":0,"18":0,"19":0,"20":0,"21":0,"22":0,"23":0,"24":0,"25":1,"26":0},"b":{"0":[1,1,1],"1":[2,4],"2":[6,6],"3":[1,1],"4":[0,0],"5":[0,0],"6":[0,0],"7":[0,0],"8":[0,0],"9":[0,0],"10":[0,0],"11":[0,0],"12":[0,0],"13":[0,0],"14":[0,0],"15":[0,0],"16":[0,0],"17":[0,0],"18":[0,0],"19":[0,0],"20":[0,0],"21":[0,0],"22":[0,0],"23":[0,0],"24":[0,0],"25":[0,0],"26":[0,0],"27":[0,0],"28":[0,0],"29":[0,0],"30":[0,0],"31":[0,0],"32":[0,0],"33":[1,1]}}
,"/home/ldauga/Desktop/red_tetris/packages/server/app.ts": {"path":"/home/ldauga/Desktop/red_tetris/packages/server/app.ts","statementMap":{"0":{"start":{"line":6,"column":0},"end":{"line":6,"column":null}},"1":{"start":{"line":16,"column":12},"end":{"line":16,"column":null}},"2":{"start":{"line":17,"column":15},"end":{"line":17,"column":null}},"3":{"start":{"line":19,"column":11},"end":{"line":19,"column":null}},"4":{"start":{"line":21,"column":13},"end":{"line":21,"column":null}},"5":{"start":{"line":24,"column":26},"end":{"line":24,"column":null}},"6":{"start":{"line":30,"column":6},"end":{"line":30,"column":null}},"7":{"start":{"line":35,"column":0},"end":{"line":42,"column":null}},"8":{"start":{"line":36,"column":4},"end":{"line":41,"column":null}},"9":{"start":{"line":36,"column":21},"end":{"line":36,"column":24}},"10":{"start":{"line":37,"column":24},"end":{"line":37,"column":null}},"11":{"start":{"line":38,"column":8},"end":{"line":40,"column":null}},"12":{"start":{"line":39,"column":12},"end":{"line":39,"column":null}},"13":{"start":{"line":44,"column":0},"end":{"line":51,"column":null}},"14":{"start":{"line":45,"column":4},"end":{"line":50,"column":null}},"15":{"start":{"line":45,"column":21},"end":{"line":45,"column":24}},"16":{"start":{"line":46,"column":24},"end":{"line":46,"column":null}},"17":{"start":{"line":47,"column":8},"end":{"line":49,"column":null}},"18":{"start":{"line":48,"column":12},"end":{"line":48,"column":null}},"19":{"start":{"line":55,"column":23},"end":{"line":57,"column":null}},"20":{"start":{"line":56,"column":4},"end":{"line":56,"column":null}},"21":{"start":{"line":56,"column":46},"end":{"line":56,"column":78}},"22":{"start":{"line":59,"column":28},"end":{"line":63,"column":null}},"23":{"start":{"line":60,"column":17},"end":{"line":60,"column":null}},"24":{"start":{"line":62,"column":4},"end":{"line":62,"column":null}},"25":{"start":{"line":62,"column":39},"end":{"line":62,"column":97}},"26":{"start":{"line":65,"column":0},"end":{"line":223,"column":null}},"27":{"start":{"line":66,"column":31},"end":{"line":66,"column":null}},"28":{"start":{"line":68,"column":4},"end":{"line":69,"column":null}},"29":{"start":{"line":69,"column":8},"end":{"line":69,"column":null}},"30":{"start":{"line":71,"column":16},"end":{"line":71,"column":null}},"31":{"start":{"line":73,"column":4},"end":{"line":90,"column":null}},"32":{"start":{"line":73,"column":33},"end":{"line":73,"column":48}},"33":{"start":{"line":74,"column":8},"end":{"line":86,"column":null}},"34":{"start":{"line":74,"column":47},"end":{"line":74,"column":62}},"35":{"start":{"line":75,"column":12},"end":{"line":75,"column":null}},"36":{"start":{"line":76,"column":12},"end":{"line":76,"column":null}},"37":{"start":{"line":79,"column":12},"end":{"line":85,"column":null}},"38":{"start":{"line":79,"column":51},"end":{"line":79,"column":66}},"39":{"start":{"line":81,"column":16},"end":{"line":81,"column":null}},"40":{"start":{"line":82,"column":16},"end":{"line":82,"column":null}},"41":{"start":{"line":85,"column":16},"end":{"line":85,"column":null}},"42":{"start":{"line":85,"column":51},"end":{"line":85,"column":66}},"43":{"start":{"line":89,"column":8},"end":{"line":89,"column":null}},"44":{"start":{"line":93,"column":4},"end":{"line":105,"column":null}},"45":{"start":{"line":94,"column":8},"end":{"line":94,"column":null}},"46":{"start":{"line":95,"column":8},"end":{"line":95,"column":null}},"47":{"start":{"line":96,"column":8},"end":{"line":96,"column":null}},"48":{"start":{"line":97,"column":8},"end":{"line":97,"column":null}},"49":{"start":{"line":98,"column":8},"end":{"line":98,"column":null}},"50":{"start":{"line":100,"column":8},"end":{"line":100,"column":null}},"51":{"start":{"line":101,"column":8},"end":{"line":101,"column":null}},"52":{"start":{"line":102,"column":8},"end":{"line":102,"column":null}},"53":{"start":{"line":102,"column":45},"end":{"line":102,"column":133}},"54":{"start":{"line":103,"column":8},"end":{"line":103,"column":null}},"55":{"start":{"line":104,"column":8},"end":{"line":104,"column":null}},"56":{"start":{"line":110,"column":4},"end":{"line":118,"column":null}},"57":{"start":{"line":111,"column":8},"end":{"line":111,"column":null}},"58":{"start":{"line":112,"column":21},"end":{"line":112,"column":null}},"59":{"start":{"line":113,"column":27},"end":{"line":113,"column":null}},"60":{"start":{"line":115,"column":8},"end":{"line":117,"column":null}},"61":{"start":{"line":116,"column":12},"end":{"line":116,"column":null}},"62":{"start":{"line":119,"column":4},"end":{"line":126,"column":null}},"63":{"start":{"line":120,"column":8},"end":{"line":120,"column":null}},"64":{"start":{"line":121,"column":21},"end":{"line":121,"column":null}},"65":{"start":{"line":122,"column":27},"end":{"line":122,"column":null}},"66":{"start":{"line":123,"column":8},"end":{"line":125,"column":null}},"67":{"start":{"line":124,"column":12},"end":{"line":124,"column":null}},"68":{"start":{"line":128,"column":4},"end":{"line":139,"column":null}},"69":{"start":{"line":129,"column":8},"end":{"line":129,"column":null}},"70":{"start":{"line":130,"column":21},"end":{"line":130,"column":null}},"71":{"start":{"line":131,"column":27},"end":{"line":131,"column":null}},"72":{"start":{"line":133,"column":8},"end":{"line":138,"column":null}},"73":{"start":{"line":134,"column":25},"end":{"line":134,"column":null}},"74":{"start":{"line":135,"column":12},"end":{"line":136,"column":null}},"75":{"start":{"line":136,"column":16},"end":{"line":136,"column":null}},"76":{"start":{"line":140,"column":4},"end":{"line":151,"column":null}},"77":{"start":{"line":141,"column":8},"end":{"line":141,"column":null}},"78":{"start":{"line":142,"column":21},"end":{"line":142,"column":null}},"79":{"start":{"line":143,"column":27},"end":{"line":143,"column":null}},"80":{"start":{"line":145,"column":8},"end":{"line":150,"column":null}},"81":{"start":{"line":146,"column":25},"end":{"line":146,"column":null}},"82":{"start":{"line":147,"column":12},"end":{"line":148,"column":null}},"83":{"start":{"line":148,"column":16},"end":{"line":148,"column":null}},"84":{"start":{"line":152,"column":4},"end":{"line":163,"column":null}},"85":{"start":{"line":153,"column":8},"end":{"line":153,"column":null}},"86":{"start":{"line":154,"column":21},"end":{"line":154,"column":null}},"87":{"start":{"line":155,"column":27},"end":{"line":155,"column":null}},"88":{"start":{"line":157,"column":8},"end":{"line":162,"column":null}},"89":{"start":{"line":158,"column":25},"end":{"line":158,"column":null}},"90":{"start":{"line":159,"column":12},"end":{"line":160,"column":null}},"91":{"start":{"line":160,"column":16},"end":{"line":160,"column":null}},"92":{"start":{"line":164,"column":4},"end":{"line":175,"column":null}},"93":{"start":{"line":165,"column":8},"end":{"line":165,"column":null}},"94":{"start":{"line":166,"column":21},"end":{"line":166,"column":null}},"95":{"start":{"line":167,"column":27},"end":{"line":167,"column":null}},"96":{"start":{"line":169,"column":8},"end":{"line":174,"column":null}},"97":{"start":{"line":170,"column":25},"end":{"line":170,"column":null}},"98":{"start":{"line":171,"column":12},"end":{"line":172,"column":null}},"99":{"start":{"line":172,"column":16},"end":{"line":172,"column":null}},"100":{"start":{"line":176,"column":4},"end":{"line":187,"column":null}},"101":{"start":{"line":177,"column":8},"end":{"line":177,"column":null}},"102":{"start":{"line":178,"column":21},"end":{"line":178,"column":null}},"103":{"start":{"line":179,"column":27},"end":{"line":179,"column":null}},"104":{"start":{"line":181,"column":8},"end":{"line":186,"column":null}},"105":{"start":{"line":182,"column":25},"end":{"line":182,"column":null}},"106":{"start":{"line":183,"column":12},"end":{"line":184,"column":null}},"107":{"start":{"line":184,"column":16},"end":{"line":184,"column":null}},"108":{"start":{"line":192,"column":4},"end":{"line":219,"column":null}},"109":{"start":{"line":193,"column":8},"end":{"line":218,"column":null}},"110":{"start":{"line":193,"column":46},"end":{"line":193,"column":70}},"111":{"start":{"line":195,"column":39},"end":{"line":195,"column":null}},"112":{"start":{"line":195,"column":97},"end":{"line":195,"column":121}},"113":{"start":{"line":197,"column":12},"end":{"line":197,"column":null}},"114":{"start":{"line":198,"column":12},"end":{"line":198,"column":null}},"115":{"start":{"line":199,"column":12},"end":{"line":199,"column":null}},"116":{"start":{"line":200,"column":12},"end":{"line":200,"column":null}},"117":{"start":{"line":202,"column":31},"end":{"line":202,"column":null}},"118":{"start":{"line":202,"column":59},"end":{"line":202,"column":95}},"119":{"start":{"line":204,"column":12},"end":{"line":217,"column":null}},"120":{"start":{"line":205,"column":29},"end":{"line":205,"column":null}},"121":{"start":{"line":207,"column":16},"end":{"line":207,"column":null}},"122":{"start":{"line":209,"column":16},"end":{"line":210,"column":null}},"123":{"start":{"line":210,"column":20},"end":{"line":210,"column":null}},"124":{"start":{"line":213,"column":16},"end":{"line":213,"column":null}},"125":{"start":{"line":214,"column":16},"end":{"line":214,"column":null}},"126":{"start":{"line":215,"column":16},"end":{"line":215,"column":null}},"127":{"start":{"line":215,"column":53},"end":{"line":215,"column":141}},"128":{"start":{"line":216,"column":16},"end":{"line":216,"column":null}},"129":{"start":{"line":225,"column":0},"end":{"line":227,"column":null}},"130":{"start":{"line":226,"column":4},"end":{"line":226,"column":null}},"131":{"start":{"line":230,"column":0},"end":{"line":230,"column":null}},"132":{"start":{"line":232,"column":0},"end":{"line":234,"column":null}},"133":{"start":{"line":233,"column":4},"end":{"line":233,"column":null}}},"fnMap":{"0":{"name":"(anonymous_0)","decl":{"start":{"line":35,"column":12},"end":{"line":35,"column":18}},"loc":{"start":{"line":35,"column":18},"end":{"line":42,"column":3}}},"1":{"name":"(anonymous_1)","decl":{"start":{"line":44,"column":12},"end":{"line":44,"column":18}},"loc":{"start":{"line":44,"column":18},"end":{"line":51,"column":3}}},"2":{"name":"(anonymous_2)","decl":{"start":{"line":55,"column":23},"end":{"line":55,"column":24}},"loc":{"start":{"line":55,"column":43},"end":{"line":57,"column":null}}},"3":{"name":"(anonymous_3)","decl":{"start":{"line":56,"column":33},"end":{"line":56,"column":46}},"loc":{"start":{"line":56,"column":46},"end":{"line":56,"column":78}}},"4":{"name":"(anonymous_4)","decl":{"start":{"line":59,"column":28},"end":{"line":59,"column":29}},"loc":{"start":{"line":59,"column":48},"end":{"line":63,"column":null}}},"5":{"name":"(anonymous_5)","decl":{"start":{"line":62,"column":31},"end":{"line":62,"column":39}},"loc":{"start":{"line":62,"column":39},"end":{"line":62,"column":97}}},"6":{"name":"(anonymous_6)","decl":{"start":{"line":65,"column":20},"end":{"line":65,"column":21}},"loc":{"start":{"line":65,"column":40},"end":{"line":223,"column":1}}},"7":{"name":"(anonymous_7)","decl":{"start":{"line":73,"column":28},"end":{"line":73,"column":33}},"loc":{"start":{"line":73,"column":33},"end":{"line":73,"column":48}}},"8":{"name":"(anonymous_8)","decl":{"start":{"line":74,"column":42},"end":{"line":74,"column":47}},"loc":{"start":{"line":74,"column":47},"end":{"line":74,"column":62}}},"9":{"name":"(anonymous_9)","decl":{"start":{"line":79,"column":46},"end":{"line":79,"column":51}},"loc":{"start":{"line":79,"column":51},"end":{"line":79,"column":66}}},"10":{"name":"(anonymous_10)","decl":{"start":{"line":85,"column":46},"end":{"line":85,"column":51}},"loc":{"start":{"line":85,"column":51},"end":{"line":85,"column":66}}},"11":{"name":"(anonymous_11)","decl":{"start":{"line":102,"column":36},"end":{"line":102,"column":45}},"loc":{"start":{"line":102,"column":45},"end":{"line":102,"column":133}}},"12":{"name":"(anonymous_12)","decl":{"start":{"line":110,"column":23},"end":{"line":110,"column":29}},"loc":{"start":{"line":110,"column":29},"end":{"line":118,"column":5}}},"13":{"name":"(anonymous_13)","decl":{"start":{"line":119,"column":32},"end":{"line":119,"column":38}},"loc":{"start":{"line":119,"column":38},"end":{"line":126,"column":5}}},"14":{"name":"(anonymous_14)","decl":{"start":{"line":128,"column":26},"end":{"line":128,"column":32}},"loc":{"start":{"line":128,"column":32},"end":{"line":139,"column":5}}},"15":{"name":"(anonymous_15)","decl":{"start":{"line":140,"column":27},"end":{"line":140,"column":33}},"loc":{"start":{"line":140,"column":33},"end":{"line":151,"column":5}}},"16":{"name":"(anonymous_16)","decl":{"start":{"line":152,"column":26},"end":{"line":152,"column":32}},"loc":{"start":{"line":152,"column":32},"end":{"line":163,"column":5}}},"17":{"name":"(anonymous_17)","decl":{"start":{"line":164,"column":22},"end":{"line":164,"column":28}},"loc":{"start":{"line":164,"column":28},"end":{"line":175,"column":5}}},"18":{"name":"(anonymous_18)","decl":{"start":{"line":176,"column":24},"end":{"line":176,"column":30}},"loc":{"start":{"line":176,"column":30},"end":{"line":187,"column":5}}},"19":{"name":"(anonymous_19)","decl":{"start":{"line":192,"column":28},"end":{"line":192,"column":34}},"loc":{"start":{"line":192,"column":34},"end":{"line":219,"column":5}}},"20":{"name":"(anonymous_20)","decl":{"start":{"line":193,"column":39},"end":{"line":193,"column":40}},"loc":{"start":{"line":193,"column":46},"end":{"line":193,"column":70}}},"21":{"name":"(anonymous_21)","decl":{"start":{"line":195,"column":90},"end":{"line":195,"column":91}},"loc":{"start":{"line":195,"column":97},"end":{"line":195,"column":121}}},"22":{"name":"(anonymous_22)","decl":{"start":{"line":202,"column":51},"end":{"line":202,"column":59}},"loc":{"start":{"line":202,"column":59},"end":{"line":202,"column":95}}},"23":{"name":"(anonymous_23)","decl":{"start":{"line":215,"column":44},"end":{"line":215,"column":53}},"loc":{"start":{"line":215,"column":53},"end":{"line":215,"column":141}}},"24":{"name":"(anonymous_24)","decl":{"start":{"line":225,"column":59},"end":{"line":225,"column":65}},"loc":{"start":{"line":225,"column":65},"end":{"line":227,"column":1}}},"25":{"name":"(anonymous_25)","decl":{"start":{"line":232,"column":13},"end":{"line":232,"column":14}},"loc":{"start":{"line":232,"column":37},"end":{"line":234,"column":1}}}},"branchMap":{"0":{"loc":{"start":{"line":21,"column":13},"end":{"line":21,"column":null}},"type":"binary-expr","locations":[{"start":{"line":21,"column":13},"end":{"line":21,"column":33}},{"start":{"line":21,"column":33},"end":{"line":21,"column":null}}]},"1":{"loc":{"start":{"line":38,"column":8},"end":{"line":40,"column":null}},"type":"if","locations":[{"start":{"line":38,"column":8},"end":{"line":40,"column":null}},{"start":{"line":38,"column":8},"end":{"line":40,"column":null}}]},"2":{"loc":{"start":{"line":47,"column":8},"end":{"line":49,"column":null}},"type":"if","locations":[{"start":{"line":47,"column":8},"end":{"line":49,"column":null}},{"start":{"line":47,"column":8},"end":{"line":49,"column":null}}]},"3":{"loc":{"start":{"line":62,"column":39},"end":{"line":62,"column":97}},"type":"binary-expr","locations":[{"start":{"line":62,"column":39},"end":{"line":62,"column":65}},{"start":{"line":62,"column":65},"end":{"line":62,"column":97}}]},"4":{"loc":{"start":{"line":68,"column":4},"end":{"line":69,"column":null}},"type":"if","locations":[{"start":{"line":68,"column":4},"end":{"line":69,"column":null}},{"start":{"line":68,"column":4},"end":{"line":69,"column":null}}]},"5":{"loc":{"start":{"line":68,"column":8},"end":{"line":68,"column":null}},"type":"binary-expr","locations":[{"start":{"line":68,"column":8},"end":{"line":68,"column":37}},{"start":{"line":68,"column":37},"end":{"line":68,"column":null}}]},"6":{"loc":{"start":{"line":73,"column":4},"end":{"line":90,"column":null}},"type":"if","locations":[{"start":{"line":73,"column":4},"end":{"line":90,"column":null}},{"start":{"line":88,"column":11},"end":{"line":90,"column":null}}]},"7":{"loc":{"start":{"line":74,"column":8},"end":{"line":86,"column":null}},"type":"if","locations":[{"start":{"line":74,"column":8},"end":{"line":86,"column":null}},{"start":{"line":78,"column":13},"end":{"line":86,"column":null}}]},"8":{"loc":{"start":{"line":79,"column":12},"end":{"line":85,"column":null}},"type":"if","locations":[{"start":{"line":79,"column":12},"end":{"line":85,"column":null}},{"start":{"line":85,"column":16},"end":{"line":85,"column":null}}]},"9":{"loc":{"start":{"line":93,"column":4},"end":{"line":105,"column":null}},"type":"if","locations":[{"start":{"line":93,"column":4},"end":{"line":105,"column":null}},{"start":{"line":93,"column":4},"end":{"line":105,"column":null}}]},"10":{"loc":{"start":{"line":115,"column":8},"end":{"line":117,"column":null}},"type":"if","locations":[{"start":{"line":115,"column":8},"end":{"line":117,"column":null}},{"start":{"line":115,"column":8},"end":{"line":117,"column":null}}]},"11":{"loc":{"start":{"line":123,"column":8},"end":{"line":125,"column":null}},"type":"if","locations":[{"start":{"line":123,"column":8},"end":{"line":125,"column":null}},{"start":{"line":123,"column":8},"end":{"line":125,"column":null}}]},"12":{"loc":{"start":{"line":133,"column":8},"end":{"line":138,"column":null}},"type":"if","locations":[{"start":{"line":133,"column":8},"end":{"line":138,"column":null}},{"start":{"line":133,"column":8},"end":{"line":138,"column":null}}]},"13":{"loc":{"start":{"line":135,"column":12},"end":{"line":136,"column":null}},"type":"if","locations":[{"start":{"line":135,"column":12},"end":{"line":136,"column":null}},{"start":{"line":135,"column":12},"end":{"line":136,"column":null}}]},"14":{"loc":{"start":{"line":135,"column":16},"end":{"line":135,"column":null}},"type":"binary-expr","locations":[{"start":{"line":135,"column":16},"end":{"line":135,"column":24}},{"start":{"line":135,"column":24},"end":{"line":135,"column":null}}]},"15":{"loc":{"start":{"line":145,"column":8},"end":{"line":150,"column":null}},"type":"if","locations":[{"start":{"line":145,"column":8},"end":{"line":150,"column":null}},{"start":{"line":145,"column":8},"end":{"line":150,"column":null}}]},"16":{"loc":{"start":{"line":147,"column":12},"end":{"line":148,"column":null}},"type":"if","locations":[{"start":{"line":147,"column":12},"end":{"line":148,"column":null}},{"start":{"line":147,"column":12},"end":{"line":148,"column":null}}]},"17":{"loc":{"start":{"line":147,"column":16},"end":{"line":147,"column":null}},"type":"binary-expr","locations":[{"start":{"line":147,"column":16},"end":{"line":147,"column":24}},{"start":{"line":147,"column":24},"end":{"line":147,"column":null}}]},"18":{"loc":{"start":{"line":157,"column":8},"end":{"line":162,"column":null}},"type":"if","locations":[{"start":{"line":157,"column":8},"end":{"line":162,"column":null}},{"start":{"line":157,"column":8},"end":{"line":162,"column":null}}]},"19":{"loc":{"start":{"line":159,"column":12},"end":{"line":160,"column":null}},"type":"if","locations":[{"start":{"line":159,"column":12},"end":{"line":160,"column":null}},{"start":{"line":159,"column":12},"end":{"line":160,"column":null}}]},"20":{"loc":{"start":{"line":159,"column":16},"end":{"line":159,"column":null}},"type":"binary-expr","locations":[{"start":{"line":159,"column":16},"end":{"line":159,"column":24}},{"start":{"line":159,"column":24},"end":{"line":159,"column":null}}]},"21":{"loc":{"start":{"line":169,"column":8},"end":{"line":174,"column":null}},"type":"if","locations":[{"start":{"line":169,"column":8},"end":{"line":174,"column":null}},{"start":{"line":169,"column":8},"end":{"line":174,"column":null}}]},"22":{"loc":{"start":{"line":171,"column":12},"end":{"line":172,"column":null}},"type":"if","locations":[{"start":{"line":171,"column":12},"end":{"line":172,"column":null}},{"start":{"line":171,"column":12},"end":{"line":172,"column":null}}]},"23":{"loc":{"start":{"line":171,"column":16},"end":{"line":171,"column":null}},"type":"binary-expr","locations":[{"start":{"line":171,"column":16},"end":{"line":171,"column":24}},{"start":{"line":171,"column":24},"end":{"line":171,"column":null}}]},"24":{"loc":{"start":{"line":181,"column":8},"end":{"line":186,"column":null}},"type":"if","locations":[{"start":{"line":181,"column":8},"end":{"line":186,"column":null}},{"start":{"line":181,"column":8},"end":{"line":186,"column":null}}]},"25":{"loc":{"start":{"line":183,"column":12},"end":{"line":184,"column":null}},"type":"if","locations":[{"start":{"line":183,"column":12},"end":{"line":184,"column":null}},{"start":{"line":183,"column":12},"end":{"line":184,"column":null}}]},"26":{"loc":{"start":{"line":183,"column":16},"end":{"line":183,"column":null}},"type":"binary-expr","locations":[{"start":{"line":183,"column":16},"end":{"line":183,"column":24}},{"start":{"line":183,"column":24},"end":{"line":183,"column":null}}]},"27":{"loc":{"start":{"line":193,"column":8},"end":{"line":218,"column":null}},"type":"if","locations":[{"start":{"line":193,"column":8},"end":{"line":218,"column":null}},{"start":{"line":193,"column":8},"end":{"line":218,"column":null}}]},"28":{"loc":{"start":{"line":204,"column":12},"end":{"line":217,"column":null}},"type":"if","locations":[{"start":{"line":204,"column":12},"end":{"line":217,"column":null}},{"start":{"line":204,"column":12},"end":{"line":217,"column":null}}]},"29":{"loc":{"start":{"line":209,"column":16},"end":{"line":210,"column":null}},"type":"if","locations":[{"start":{"line":209,"column":16},"end":{"line":210,"column":null}},{"start":{"line":209,"column":16},"end":{"line":210,"column":null}}]},"30":{"loc":{"start":{"line":225,"column":30},"end":{"line":225,"column":59}},"type":"binary-expr","locations":[{"start":{"line":225,"column":30},"end":{"line":225,"column":48}},{"start":{"line":225,"column":48},"end":{"line":225,"column":59}}]}},"s":{"0":1,"1":1,"2":1,"3":1,"4":1,"5":1,"6":1,"7":1,"8":71,"9":71,"10":54,"11":54,"12":24,"13":1,"14":71,"15":71,"16":54,"17":54,"18":24,"19":1,"20":24,"21":24,"22":1,"23":12,"24":12,"25":12,"26":1,"27":12,"28":12,"29":0,"30":12,"31":12,"32":3,"33":3,"34":3,"35":0,"36":0,"37":3,"38":3,"39":2,"40":2,"41":1,"42":1,"43":9,"44":12,"45":10,"46":10,"47":10,"48":10,"49":10,"50":10,"51":10,"52":10,"53":10,"54":10,"55":10,"56":12,"57":1,"58":1,"59":1,"60":1,"61":1,"62":12,"63":1,"64":1,"65":1,"66":1,"67":1,"68":12,"69":2,"70":2,"71":2,"72":2,"73":1,"74":1,"75":1,"76":12,"77":2,"78":2,"79":2,"80":2,"81":1,"82":1,"83":1,"84":12,"85":2,"86":2,"87":2,"88":2,"89":1,"90":1,"91":1,"92":12,"93":2,"94":2,"95":2,"96":2,"97":1,"98":1,"99":1,"100":12,"101":2,"102":2,"103":2,"104":2,"105":1,"106":1,"107":1,"108":12,"109":9,"110":9,"111":8,"112":8,"113":8,"114":8,"115":8,"116":8,"117":8,"118":8,"119":8,"120":8,"121":8,"122":8,"123":8,"124":8,"125":8,"126":8,"127":0,"128":8,"129":1,"130":1,"131":1,"132":1,"133":1},"f":{"0":71,"1":71,"2":24,"3":24,"4":12,"5":12,"6":12,"7":3,"8":3,"9":3,"10":1,"11":10,"12":1,"13":1,"14":2,"15":2,"16":2,"17":2,"18":2,"19":9,"20":9,"21":8,"22":8,"23":0,"24":1,"25":1},"b":{"0":[1,1],"1":[24,30],"2":[24,30],"3":[12,12],"4":[0,12],"5":[12,12],"6":[3,9],"7":[0,3],"8":[2,1],"9":[10,2],"10":[1,0],"11":[1,0],"12":[1,1],"13":[1,0],"14":[1,1],"15":[1,1],"16":[1,0],"17":[1,1],"18":[1,1],"19":[1,0],"20":[1,1],"21":[1,1],"22":[1,0],"23":[1,1],"24":[1,1],"25":[1,0],"26":[1,1],"27":[8,1],"28":[8,0],"29":[8,0],"30":[1,1]}}
,"/home/ldauga/Desktop/red_tetris/packages/server/game/Game.js": {"path":"/home/ldauga/Desktop/red_tetris/packages/server/game/Game.js","statementMap":{"0":{"start":{"line":2,"column":0},"end":{"line":2,"column":62}},"1":{"start":{"line":5,"column":8},"end":{"line":5,"column":35}},"2":{"start":{"line":6,"column":8},"end":{"line":6,"column":32}},"3":{"start":{"line":7,"column":8},"end":{"line":7,"column":24}},"4":{"start":{"line":8,"column":8},"end":{"line":8,"column":42}},"5":{"start":{"line":9,"column":8},"end":{"line":9,"column":44}},"6":{"start":{"line":10,"column":8},"end":{"line":10,"column":38}},"7":{"start":{"line":11,"column":8},"end":{"line":11,"column":30}},"8":{"start":{"line":12,"column":8},"end":{"line":33,"column":10}},"9":{"start":{"line":39,"column":8},"end":{"line":39,"column":28}},"10":{"start":{"line":42,"column":8},"end":{"line":42,"column":26}},"11":{"start":{"line":45,"column":8},"end":{"line":45,"column":31}},"12":{"start":{"line":48,"column":8},"end":{"line":48,"column":32}},"13":{"start":{"line":51,"column":8},"end":{"line":51,"column":27}},"14":{"start":{"line":54,"column":8},"end":{"line":54,"column":36}},"15":{"start":{"line":60,"column":8},"end":{"line":69,"column":9}},"16":{"start":{"line":60,"column":21},"end":{"line":60,"column":23}},"17":{"start":{"line":61,"column":12},"end":{"line":68,"column":13}},"18":{"start":{"line":61,"column":25},"end":{"line":61,"column":26}},"19":{"start":{"line":62,"column":16},"end":{"line":67,"column":17}},"20":{"start":{"line":63,"column":20},"end":{"line":64,"column":36}},"21":{"start":{"line":64,"column":24},"end":{"line":64,"column":36}},"22":{"start":{"line":65,"column":20},"end":{"line":66,"column":36}},"23":{"start":{"line":66,"column":24},"end":{"line":66,"column":36}},"24":{"start":{"line":70,"column":8},"end":{"line":70,"column":21}},"25":{"start":{"line":73,"column":8},"end":{"line":82,"column":9}},"26":{"start":{"line":73,"column":21},"end":{"line":73,"column":23}},"27":{"start":{"line":74,"column":12},"end":{"line":81,"column":13}},"28":{"start":{"line":74,"column":25},"end":{"line":74,"column":26}},"29":{"start":{"line":75,"column":16},"end":{"line":80,"column":17}},"30":{"start":{"line":76,"column":20},"end":{"line":77,"column":36}},"31":{"start":{"line":77,"column":24},"end":{"line":77,"column":36}},"32":{"start":{"line":78,"column":20},"end":{"line":79,"column":36}},"33":{"start":{"line":79,"column":24},"end":{"line":79,"column":36}},"34":{"start":{"line":83,"column":8},"end":{"line":83,"column":21}},"35":{"start":{"line":86,"column":8},"end":{"line":95,"column":9}},"36":{"start":{"line":86,"column":21},"end":{"line":86,"column":23}},"37":{"start":{"line":87,"column":12},"end":{"line":94,"column":13}},"38":{"start":{"line":87,"column":25},"end":{"line":87,"column":26}},"39":{"start":{"line":88,"column":16},"end":{"line":93,"column":17}},"40":{"start":{"line":89,"column":20},"end":{"line":90,"column":36}},"41":{"start":{"line":90,"column":24},"end":{"line":90,"column":36}},"42":{"start":{"line":91,"column":20},"end":{"line":92,"column":36}},"43":{"start":{"line":92,"column":24},"end":{"line":92,"column":36}},"44":{"start":{"line":96,"column":8},"end":{"line":96,"column":21}},"45":{"start":{"line":99,"column":8},"end":{"line":104,"column":9}},"46":{"start":{"line":99,"column":21},"end":{"line":99,"column":23}},"47":{"start":{"line":100,"column":12},"end":{"line":103,"column":13}},"48":{"start":{"line":100,"column":25},"end":{"line":100,"column":26}},"49":{"start":{"line":101,"column":16},"end":{"line":102,"column":43}},"50":{"start":{"line":102,"column":20},"end":{"line":102,"column":43}},"51":{"start":{"line":107,"column":21},"end":{"line":107,"column":51}},"52":{"start":{"line":108,"column":8},"end":{"line":122,"column":9}},"53":{"start":{"line":108,"column":27},"end":{"line":108,"column":28}},"54":{"start":{"line":109,"column":25},"end":{"line":109,"column":55}},"55":{"start":{"line":110,"column":12},"end":{"line":120,"column":13}},"56":{"start":{"line":110,"column":31},"end":{"line":110,"column":32}},"57":{"start":{"line":111,"column":16},"end":{"line":118,"column":17}},"58":{"start":{"line":112,"column":20},"end":{"line":117,"column":57}},"59":{"start":{"line":113,"column":24},"end":{"line":113,"column":62}},"60":{"start":{"line":114,"column":24},"end":{"line":114,"column":47}},"61":{"start":{"line":117,"column":24},"end":{"line":117,"column":57}},"62":{"start":{"line":119,"column":16},"end":{"line":119,"column":25}},"63":{"start":{"line":121,"column":12},"end":{"line":121,"column":21}},"64":{"start":{"line":123,"column":26},"end":{"line":123,"column":28}},"65":{"start":{"line":124,"column":19},"end":{"line":124,"column":20}},"66":{"start":{"line":125,"column":23},"end":{"line":125,"column":25}},"67":{"start":{"line":126,"column":8},"end":{"line":149,"column":9}}
[...]
umn":65},"end":{"line":83,"column":80}},"52":{"start":{"line":84,"column":12},"end":{"line":84,"column":89}},"53":{"start":{"line":84,"column":39},"end":{"line":84,"column":54}},"54":{"start":{"line":86,"column":8},"end":{"line":91,"column":9}},"55":{"start":{"line":86,"column":25},"end":{"line":86,"column":26}},"56":{"start":{"line":87,"column":28},"end":{"line":87,"column":46}},"57":{"start":{"line":88,"column":12},"end":{"line":90,"column":13}},"58":{"start":{"line":89,"column":16},"end":{"line":89,"column":118}},"59":{"start":{"line":89,"column":76},"end":{"line":89,"column":115}},"60":{"start":{"line":94,"column":0},"end":{"line":94,"column":23}}},"fnMap":{"0":{"name":"(anonymous_0)","decl":{"start":{"line":2,"column":56},"end":{"line":2,"column":64}},"loc":{"start":{"line":2,"column":71},"end":{"line":4,"column":1}}},"1":{"name":"(anonymous_1)","decl":{"start":{"line":9,"column":4},"end":{"line":9,"column":15}},"loc":{"start":{"line":9,"column":35},"end":{"line":17,"column":5}}},"2":{"name":"(anonymous_2)","decl":{"start":{"line":21,"column":4},"end":{"line":21,"column":7}},"loc":{"start":{"line":21,"column":22},"end":{"line":23,"column":5}}},"3":{"name":"(anonymous_3)","decl":{"start":{"line":24,"column":4},"end":{"line":24,"column":7}},"loc":{"start":{"line":24,"column":15},"end":{"line":26,"column":5}}},"4":{"name":"(anonymous_4)","decl":{"start":{"line":27,"column":4},"end":{"line":27,"column":7}},"loc":{"start":{"line":27,"column":22},"end":{"line":29,"column":5}}},"5":{"name":"(anonymous_5)","decl":{"start":{"line":30,"column":4},"end":{"line":30,"column":7}},"loc":{"start":{"line":30,"column":21},"end":{"line":32,"column":5}}},"6":{"name":"(anonymous_6)","decl":{"start":{"line":36,"column":4},"end":{"line":36,"column":13}},"loc":{"start":{"line":36,"column":22},"end":{"line":38,"column":5}}},"7":{"name":"(anonymous_7)","decl":{"start":{"line":39,"column":4},"end":{"line":39,"column":16}},"loc":{"start":{"line":39,"column":30},"end":{"line":50,"column":5}}},"8":{"name":"(anonymous_8)","decl":{"start":{"line":40,"column":49},"end":{"line":40,"column":53}},"loc":{"start":{"line":40,"column":57},"end":{"line":40,"column":88}}},"9":{"name":"(anonymous_9)","decl":{"start":{"line":51,"column":4},"end":{"line":51,"column":15}},"loc":{"start":{"line":51,"column":26},"end":{"line":55,"column":5}}},"10":{"name":"(anonymous_10)","decl":{"start":{"line":54,"column":32},"end":{"line":54,"column":36}},"loc":{"start":{"line":54,"column":40},"end":{"line":54,"column":69}}},"11":{"name":"(anonymous_11)","decl":{"start":{"line":56,"column":4},"end":{"line":56,"column":16}},"loc":{"start":{"line":56,"column":27},"end":{"line":60,"column":5}}},"12":{"name":"(anonymous_12)","decl":{"start":{"line":57,"column":29},"end":{"line":57,"column":33}},"loc":{"start":{"line":57,"column":37},"end":{"line":57,"column":65}}},"13":{"name":"(anonymous_13)","decl":{"start":{"line":64,"column":4},"end":{"line":64,"column":9}},"loc":{"start":{"line":64,"column":30},"end":{"line":73,"column":5}}},"14":{"name":"(anonymous_14)","decl":{"start":{"line":74,"column":4},"end":{"line":74,"column":8}},"loc":{"start":{"line":74,"column":11},"end":{"line":81,"column":5}}},"15":{"name":"(anonymous_15)","decl":{"start":{"line":77,"column":51},"end":{"line":77,"column":52}},"loc":{"start":{"line":77,"column":61},"end":{"line":77,"column":71}}},"16":{"name":"(anonymous_16)","decl":{"start":{"line":79,"column":220},"end":{"line":79,"column":224}},"loc":{"start":{"line":79,"column":229},"end":{"line":79,"column":369}}},"17":{"name":"(anonymous_17)","decl":{"start":{"line":82,"column":4},"end":{"line":82,"column":10}},"loc":{"start":{"line":82,"column":13},"end":{"line":92,"column":5}}},"18":{"name":"(anonymous_18)","decl":{"start":{"line":83,"column":57},"end":{"line":83,"column":61}},"loc":{"start":{"line":83,"column":65},"end":{"line":83,"column":80}}},"19":{"name":"(anonymous_19)","decl":{"start":{"line":84,"column":31},"end":{"line":84,"column":35}},"loc":{"start":{"line":84,"column":39},"end":{"line":84,"column":54}}},"20":{"name":"(anonymous_20)","decl":{"start":{"line":89,"column":68},"end":{"line":89,"column":72}},"loc":{"start":{"line":89,"column":76},"end":{"line":89,"column":115}}}},"branchMap":{"0":{"loc":{"start":{"line":2,"column":22},"end":{"line":4,"column":1}},"type":"binary-expr","locations":[{"start":{"line":2,"column":23},"end":{"line":2,"column":27}},{"start":{"line":2,"column":31},"end":{"line":2,"column":51}},{"start":{"line":2,"column":56},"end":{"line":4,"column":1}}]},"1":{"loc":{"start":{"line":3,"column":11},"end":{"line":3,"column":61}},"type":"cond-expr","locations":[{"start":{"line":3,"column":37},"end":{"line":3,"column":40}},{"start":{"line":3,"column":43},"end":{"line":3,"column":61}}]},"2":{"loc":{"start":{"line":3,"column":12},"end":{"line":3,"column":33}},"type":"binary-expr","locations":[{"start":{"line":3,"column":12},"end":{"line":3,"column":15}},{"start":{"line":3,"column":19},"end":{"line":3,"column":33}}]},"3":{"loc":{"start":{"line":42,"column":8},"end":{"line":47,"column":9}},"type":"if","locations":[{"start":{"line":42,"column":8},"end":{"line":47,"column":9}},{"start":{"line":42,"column":8},"end":{"line":47,"column":9}}]},"4":{"loc":{"start":{"line":43,"column":12},"end":{"line":46,"column":13}},"type":"if","locations":[{"start":{"line":43,"column":12},"end":{"line":46,"column":13}},{"start":{"line":43,"column":12},"end":{"line":46,"column":13}}]},"5":{"loc":{"start":{"line":48,"column":8},"end":{"line":49,"column":57}},"type":"if","locations":[{"start":{"line":48,"column":8},"end":{"line":49,"column":57}},{"start":{"line":48,"column":8},"end":{"line":49,"column":57}}]},"6":{"loc":{"start":{"line":48,"column":12},"end":{"line":48,"column":55}},"type":"binary-expr","locations":[{"start":{"line":48,"column":12},"end":{"line":48,"column":35}},{"start":{"line":48,"column":39},"end":{"line":48,"column":55}}]},"7":{"loc":{"start":{"line":52,"column":8},"end":{"line":53,"column":24}},"type":"if","locations":[{"start":{"line":52,"column":8},"end":{"line":53,"column":24}},{"start":{"line":52,"column":8},"end":{"line":53,"column":24}}]},"8":{"loc":{"start":{"line":57,"column":8},"end":{"line":58,"column":24}},"type":"if","locations":[{"start":{"line":57,"column":8},"end":{"line":58,"column":24}},{"start":{"line":57,"column":8},"end":{"line":58,"column":24}}]},"9":{"loc":{"start":{"line":64,"column":10},"end":{"line":64,"column":28}},"type":"default-arg","locations":[{"start":{"line":64,"column":23},"end":{"line":64,"column":28}}]},"10":{"loc":{"start":{"line":69,"column":12},"end":{"line":70,"column":41}},"type":"if","locations":[{"start":{"line":69,"column":12},"end":{"line":70,"column":41}},{"start":{"line":69,"column":12},"end":{"line":70,"column":41}}]},"11":{"loc":{"start":{"line":78,"column":12},"end":{"line":79,"column":375}},"type":"if","locations":[{"start":{"line":78,"column":12},"end":{"line":79,"column":375}},{"start":{"line":78,"column":12},"end":{"line":79,"column":375}}]},"12":{"loc":{"start":{"line":83,"column":8},"end":{"line":85,"column":9}},"type":"if","locations":[{"start":{"line":83,"column":8},"end":{"line":85,"column":9}},{"start":{"line":83,"column":8},"end":{"line":85,"column":9}}]},"13":{"loc":{"start":{"line":83,"column":12},"end":{"line":83,"column":93}},"type":"binary-expr","locations":[{"start":{"line":83,"column":12},"end":{"line":83,"column":34}},{"start":{"line":83,"column":38},"end":{"line":83,"column":93}}]},"14":{"loc":{"start":{"line":88,"column":12},"end":{"line":90,"column":13}},"type":"if","locations":[{"start":{"line":88,"column":12},"end":{"line":90,"column":13}},{"start":{"line":88,"column":12},"end":{"line":90,"column":13}}]},"15":{"loc":{"start":{"line":88,"column":16},"end":{"line":88,"column":107}},"type":"binary-expr","locations":[{"start":{"line":88,"column":16},"end":{"line":88,"column":34}},{"start":{"line":88,"column":38},"end":{"line":88,"column":107}}]}},"s":{"0":2,"1":4,"2":2,"3":2,"4":2,"5":14,"6":14,"7":14,"8":14,"9":14,"10":14,"11":14,"12":13,"13":41,"14":21,"15":123,"16":4,"17":10,"18":11,"19":10,"20":10,"21":9,"22":1,"23":1,"24":10,"25":1,"26":7,"27":1,"28":6,"29":6,"30":22,"31":22,"32":20,"33":2,"34":3,"35":3,"36":3,"37":3,"38":3,"39":3,"40":1,"41":3,"42":25,"43":25,"44":25,"45":25,"46":25,"47":25,"48":25,"49":0,"50":25,"51":2,"52":0,"53":0,"54":25,"55":25,"56":26,"57":26,"58":1,"59":1,"60":2},"f":{"0":4,"1":14,"2":13,"3":41,"4":21,"5":123,"6":4,"7":10,"8":11,"9":7,"10":6,"11":22,"12":22,"13":3,"14":25,"15":25,"16":0,"17":25,"18":2,"19":0,"20":1},"b":{"0":[2,2,2],"1":[4,0],"2":[4,4],"3":[9,1],"4":[1,8],"5":[1,9],"6":[10,2],"7":[1,6],"8":[20,2],"9":[2],"10":[1,2],"11":[25,0],"12":[0,25],"13":[25,1],"14":[1,25],"15":[26,26]}}
,"/home/ldauga/Desktop/red_tetris/packages/server/game/Room.ts": {"path":"/home/ldauga/Desktop/red_tetris/packages/server/game/Room.ts","statementMap":{"0":{"start":{"line":10,"column":4},"end":{"line":10,"column":null}},"1":{"start":{"line":12,"column":4},"end":{"line":12,"column":null}},"2":{"start":{"line":14,"column":4},"end":{"line":14,"column":null}},"3":{"start":{"line":17,"column":8},"end":{"line":17,"column":null}},"4":{"start":{"line":18,"column":8},"end":{"line":18,"column":null}},"5":{"start":{"line":19,"column":8},"end":{"line":19,"column":null}},"6":{"start":{"line":21,"column":8},"end":{"line":21,"column":null}},"7":{"start":{"line":31,"column":8},"end":{"line":31,"column":null}},"8":{"start":{"line":35,"column":8},"end":{"line":35,"column":null}},"9":{"start":{"line":39,"column":8},"end":{"line":39,"column":null}},"10":{"start":{"line":43,"column":8},"end":{"line":43,"column":null}},"11":{"start":{"line":55,"column":8},"end":{"line":55,"column":null}},"12":{"start":{"line":59,"column":27},"end":{"line":59,"column":null}},"13":{"start":{"line":59,"column":57},"end":{"line":59,"column":88}},"14":{"start":{"line":61,"column":8},"end":{"line":61,"column":null}},"15":{"start":{"line":64,"column":8},"end":{"line":69,"column":null}},"16":{"start":{"line":65,"column":12},"end":{"line":68,"column":null}},"17":{"start":{"line":66,"column":16},"end":{"line":66,"column":null}},"18":{"start":{"line":67,"column":16},"end":{"line":67,"column":null}},"19":{"start":{"line":70,"column":8},"end":{"line":71,"column":null}},"20":{"start":{"line":71,"column":12},"end":{"line":71,"column":null}},"21":{"start":{"line":75,"column":8},"end":{"line":76,"column":null}},"22":{"start":{"line":76,"column":12},"end":{"line":76,"column":null}},"23":{"start":{"line":78,"column":8},"end":{"line":78,"column":null}},"24":{"start":{"line":78,"column":40},"end":{"line":78,"column":69}},"25":{"start":{"line":82,"column":8},"end":{"line":83,"column":null}},"26":{"start":{"line":82,"column":37},"end":{"line":82,"column":65}},"27":{"start":{"line":83,"column":12},"end":{"line":83,"column":null}},"28":{"start":{"line":84,"column":8},"end":{"line":84,"column":null}},"29":{"start":{"line":98,"column":8},"end":{"line":98,"column":null}},"30":{"start":{"line":100,"column":8},"end":{"line":108,"column":null}},"31":{"start":{"line":100,"column":25},"end":{"line":100,"column":28}},"32":{"start":{"line":101,"column":28},"end":{"line":101,"column":null}},"33":{"start":{"line":102,"column":12},"end":{"line":102,"column":null}},"34":{"start":{"line":104,"column":12},"end":{"line":105,"column":null}},"35":{"start":{"line":105,"column":16},"end":{"line":105,"column":null}},"36":{"start":{"line":107,"column":12},"end":{"line":107,"column":null}},"37":{"start":{"line":112,"column":8},"end":{"line":119,"column":null}},"38":{"start":{"line":112,"column":25},"end":{"line":112,"column":28}},"39":{"start":{"line":113,"column":28},"end":{"line":113,"column":null}},"40":{"start":{"line":115,"column":32},"end":{"line":115,"column":null}},"41":{"start":{"line":115,"column":61},"end":{"line":115,"column":71}},"42":{"start":{"line":117,"column":12},"end":{"line":118,"column":null}},"43":{"start":{"line":118,"column":16},"end":{"line":118,"column":null}},"44":{"start":{"line":118,"column":229},"end":{"line":118,"column":370}},"45":{"start":{"line":123,"column":8},"end":{"line":125,"column":null}},"46":{"start":{"line":123,"column":65},"end":{"line":123,"column":80}},"47":{"start":{"line":124,"column":12},"end":{"line":124,"column":null}},"48":{"start":{"line":124,"column":39},"end":{"line":124,"column":54}},"49":{"start":{"line":129,"column":8},"end":{"line":135,"column":null}},"50":{"start":{"line":129,"column":25},"end":{"line":129,"column":28}},"51":{"start":{"line":130,"column":28},"end":{"line":130,"column":null}},"52":{"start":{"line":132,"column":12},"end":{"line":134,"column":null}},"53":{"start":{"line":133,"column":16},"end":{"line":133,"column":null}},"54":{"start":{"line":133,"column":76},"end":{"line":133,"column":115}}},"fnMap":{"0":{"name":"(anonymous_0)","decl":{"start":{"line":16,"column":4},"end":{"line":16,"column":16}},"loc":{"start":{"line":16,"column":51},"end":{"line":22,"column":null}}},"1":{"name":"(anonymous_1)","decl":{"start":{"line":30,"column":4},"end":{"line":30,"column":15}},"loc":{"start":{"line":30,"column":29},"end":{"line":32,"column":null}}},"2":{"name":"(anonymous_2)","decl":{"start":{"line":34,"column":4},"end":{"line":34,"column":15}},"loc":{"start":{"line":34,"column":22},"end":{"line":36,"column":null}}},"3":{"name":"(anonymous_3)","decl":{"start":{"line":38,"column":4},"end":{"line":38,"column":15}},"loc":{"start":{"line":38,"column":29},"end":{"line":40,"column":null}}},"4":{"name":"(anonymous_4)","decl":{"start":{"line":42,"column":4},"end":{"line":42,"column":15}},"loc":{"start":{"line":42,"column":28},"end":{"line":44,"column":null}}},"5":{"name":"(anonymous_5)","decl":{"start":{"line":54,"column":11},"end":{"line":54,"column":21}},"loc":{"start":{"line":54,"column":37},"end":{"line":56,"column":null}}},"6":{"name":"(anonymous_6)","decl":{"start":{"line":58,"column":11},"end":{"line":58,"column":24}},"loc":{"start":{"line":58,"column":45},"end":{"line":72,"column":null}}},"7":{"name":"(anonymous_7)","decl":{"start":{"line":59,"column":49},"end":{"line":59,"column":57}},"loc":{"start":{"line":59,"column":57},"end":{"line":59,"column":88}}},"8":{"name":"(anonymous_8)","decl":{"start":{"line":74,"column":11},"end":{"line":74,"column":23}},"loc":{"start":{"line":74,"column":41},"end":{"line":79,"column":null}}},"9":{"name":"(anonymous_9)","decl":{"start":{"line":78,"column":32},"end":{"line":78,"column":40}},"loc":{"start":{"line":78,"column":40},"end":{"line":78,"column":69}}},"10":{"name":"(anonymous_10)","decl":{"start":{"line":81,"column":11},"end":{"line":81,"column":24}},"loc":{"start":{"line":81,"column":42},"end":{"line":85,"column":null}}},"11":{"name":"(anonymous_11)","decl":{"start":{"line":82,"column":29},"end":{"line":82,"column":37}},"loc":{"start":{"line":82,"column":37},"end":{"line":82,"column":65}}},"12":{"name":"(anonymous_12)","decl":{"start":{"line":97,"column":11},"end":{"line":97,"column":17}},"loc":{"start":{"line":97,"column":37},"end":{"line":109,"column":null}}},"13":{"name":"(anonymous_13)","decl":{"start":{"line":111,"column":11},"end":{"line":111,"column":18}},"loc":{"start":{"line":111,"column":18},"end":{"line":120,"column":null}}},"14":{"name":"(anonymous_14)","decl":{"start":{"line":115,"column":51},"end":{"line":115,"column":52}},"loc":{"start":{"line":115,"column":61},"end":{"line":115,"column":71}}},"15":{"name":"(anonymous_15)","decl":{"start":{"line":118,"column":220},"end":{"line":118,"column":229}},"loc":{"start":{"line":118,"column":229},"end":{"line":118,"column":370}}},"16":{"name":"(anonymous_16)","decl":{"start":{"line":122,"column":11},"end":{"line":122,"column":20}},"loc":{"start":{"line":122,"column":20},"end":{"line":137,"column":null}}},"17":{"name":"(anonymous_17)","decl":{"start":{"line":123,"column":57},"end":{"line":123,"column":65}},"loc":{"start":{"line":123,"column":65},"end":{"line":123,"column":80}}},"18":{"name":"(anonymous_18)","decl":{"start":{"line":124,"column":31},"end":{"line":124,"column":39}},"loc":{"start":{"line":124,"column":39},"end":{"line":124,"column":54}}},"19":{"name":"(anonymous_19)","decl":{"start":{"line":133,"column":68},"end":{"line":133,"column":76}},"loc":{"start":{"line":133,"column":76},"end":{"line":133,"column":115}}}},"branchMap":{"0":{"loc":{"start":{"line":64,"column":8},"end":{"line":69,"column":null}},"type":"if","locations":[{"start":{"line":64,"column":8},"end":{"line":69,"column":null}},{"start":{"line":64,"column":8},"end":{"line":69,"column":null}}]},"1":{"loc":{"start":{"line":65,"column":12},"end":{"line":68,"column":null}},"type":"if","locations":[{"start":{"line":65,"column":12},"end":{"line":68,"column":null}},{"start":{"line":65,"column":12},"end":{"line":68,"column":null}}]},"2":{"loc":{"start":{"line":70,"column":8},"end":{"line":71,"column":null}},"type":"if","locations":[{"start":{"line":70,"column":8},"end":{"line":71,"column":null}},{"start":{"line":70,"column":8},"end":{"line":71,"column":null}}]},"3":{"loc":{"start":{"line":70,"column":12},"end":{"line":70,"column":null}},"type":"binary-expr","locations":[{"start":{"line":70,"column":12},"end":{"line":70,"column":39}},{"start":{"line":70,"column":39},"end":{"line":70,"column":null}}]},"4":{"loc":{"start":{"line":75,"column":8},"end":{"line":76,"column":null}},"type":"if","locations":[{"start":{"line":75,"column":8},"end":{"line":76,"column":null}},{"start":{"line":75,"column":8},"end":{"line":76,"column":null}}]},"5":{"loc":{"start":{"line":82,"column":8},"end":{"line":83,"column":null}},"type":"if","locations":[{"start":{"line":82,"column":8},"end":{"line":83,"column":null}},{"start":{"line":82,"column":8},"end":{"line":83,"column":null}}]},"6":{"loc":{"start":{"line":97,"column":17},"end":{"line":97,"column":37}},"type":"default-arg","locations":[{"start":{"line":97,"column":30},"end":{"line":97,"column":37}}]},"7":{"loc":{"start":{"line":104,"column":12},"end":{"line":105,"column":null}},"type":"if","locations":[{"start":{"line":104,"column":12},"end":{"line":105,"column":null}},{"start":{"line":104,"column":12},"end":{"line":105,"column":null}}]},"8":{"loc":{"start":{"line":117,"column":12},"end":{"line":118,"column":null}},"type":"if","locations":[{"start":{"line":117,"column":12},"end":{"line":118,"column":null}},{"start":{"line":117,"column":12},"end":{"line":118,"column":null}}]},"9":{"loc":{"start":{"line":123,"column":8},"end":{"line":125,"column":null}},"type":"if","locations":[{"start":{"line":123,"column":8},"end":{"line":125,"column":null}},{"start":{"line":123,"column":8},"end":{"line":125,"column":null}}]},"10":{"loc":{"start":{"line":123,"column":12},"end":{"line":123,"column":95}},"type":"binary-expr","locations":[{"start":{"line":123,"column":12},"end":{"line":123,"column":38}},{"start":{"line":123,"column":38},"end":{"line":123,"column":95}}]},"11":{"loc":{"start":{"line":132,"column":12},"end":{"line":134,"column":null}},"type":"if","locations":[{"start":{"line":132,"column":12},"end":{"line":134,"column":null}},{"start":{"line":132,"column":12},"end":{"line":134,"column":null}}]},"12":{"loc":{"start":{"line":132,"column":16},"end":{"line":132,"column":109}},"type":"binary-expr","locations":[{"start":{"line":132,"column":16},"end":{"line":132,"column":39}},{"start":{"line":132,"column":25},"end":{"line":132,"column":109}}]}},"s":{"0":5,"1":5,"2":5,"3":5,"4":5,"5":5,"6":5,"7":1,"8":1,"9":3,"10":2,"11":3,"12":2,"13":3,"14":2,"15":2,"16":1,"17":1,"18":1,"19":2,"20":1,"21":2,"22":1,"23":1,"24":1,"25":2,"26":2,"27":1,"28":1,"29":1,"30":1,"31":1,"32":1,"33":1,"34":1,"35":0,"36":1,"37":1,"38":1,"39":1,"40":1,"41":1,"42":1,"43":1,"44":0,"45":1,"46":2,"47":0,"48":0,"49":1,"50":1,"51":2,"52":2,"53":0,"54":0},"f":{"0":5,"1":1,"2":1,"3":3,"4":2,"5":3,"6":2,"7":3,"8":2,"9":1,"10":2,"11":2,"12":1,"13":1,"14":1,"15":0,"16":1,"17":2,"18":0,"19":0},"b":{"0":[1,1],"1":[1,0],"2":[1,1],"3":[2,2],"4":[1,1],"5":[1,1],"6":[1],"7":[0,1],"8":[1,0],"9":[0,1],"10":[1,1],"11":[0,2],"12":[2,2]}}
}
